{"/home/travis/build/npmtest/node-npmtest-markdown-preview/test.js":{"path":"/home/travis/build/npmtest/node-npmtest-markdown-preview/test.js","s":{"1":2,"2":2,"3":2,"4":2,"5":2,"6":2,"7":2,"8":1,"9":2,"10":2,"11":1,"12":1,"13":1,"14":1,"15":2,"16":2,"17":2,"18":2,"19":1,"20":1,"21":2,"22":2,"23":2,"24":1,"25":1,"26":1,"27":1,"28":1,"29":1,"30":1,"31":1,"32":1,"33":1,"34":1,"35":1,"36":1,"37":1,"38":1,"39":2,"40":2,"41":1,"42":2,"43":2,"44":1,"45":2,"46":2,"47":1,"48":2,"49":2,"50":1,"51":1,"52":1,"53":1,"54":1},"b":{"1":[2,1,1,1],"2":[1,1,1,1],"3":[1,1],"4":[1,1],"5":[1,1],"6":[1,1],"7":[1,1],"8":[1,1],"9":[1,1],"10":[1,1,1],"11":[1,1],"12":[1,1],"13":[1,1],"14":[1,1],"15":[1,1],"16":[1,1],"17":[1,1]},"f":{"1":2,"2":2,"3":2,"4":2,"5":2,"6":1,"7":1,"8":1,"9":2,"10":2,"11":2,"12":2,"13":1},"fnMap":{"1":{"name":"(anonymous_1)","line":12,"loc":{"start":{"line":12,"column":1},"end":{"line":12,"column":13}}},"2":{"name":"(anonymous_2)","line":19,"loc":{"start":{"line":19,"column":5},"end":{"line":19,"column":17}}},"3":{"name":"(anonymous_3)","line":23,"loc":{"start":{"line":23,"column":24},"end":{"line":23,"column":36}}},"4":{"name":"(anonymous_4)","line":61,"loc":{"start":{"line":61,"column":5},"end":{"line":61,"column":17}}},"5":{"name":"(anonymous_5)","line":82,"loc":{"start":{"line":82,"column":5},"end":{"line":82,"column":17}}},"6":{"name":"(anonymous_6)","line":91,"loc":{"start":{"line":91,"column":77},"end":{"line":94,"column":10}}},"7":{"name":"(anonymous_7)","line":112,"loc":{"start":{"line":112,"column":83},"end":{"line":115,"column":10}},"skip":true},"8":{"name":"(anonymous_8)","line":123,"loc":{"start":{"line":123,"column":77},"end":{"line":126,"column":10}},"skip":true},"9":{"name":"(anonymous_9)","line":139,"loc":{"start":{"line":139,"column":12},"end":{"line":139,"column":40}},"skip":true},"10":{"name":"(anonymous_10)","line":147,"loc":{"start":{"line":147,"column":77},"end":{"line":150,"column":10}},"skip":true},"11":{"name":"(anonymous_11)","line":158,"loc":{"start":{"line":158,"column":83},"end":{"line":161,"column":10}},"skip":true},"12":{"name":"(anonymous_12)","line":169,"loc":{"start":{"line":169,"column":79},"end":{"line":172,"column":10}},"skip":true},"13":{"name":"(anonymous_13)","line":180,"loc":{"start":{"line":180,"column":75},"end":{"line":183,"column":10}},"skip":true}},"statementMap":{"1":{"start":{"line":12,"column":0},"end":{"line":195,"column":5}},"2":{"start":{"line":14,"column":4},"end":{"line":14,"column":14}},"3":{"start":{"line":19,"column":4},"end":{"line":56,"column":9}},"4":{"start":{"line":21,"column":8},"end":{"line":21,"column":19}},"5":{"start":{"line":23,"column":8},"end":{"line":35,"column":13}},"6":{"start":{"line":24,"column":12},"end":{"line":34,"column":13}},"7":{"start":{"line":25,"column":16},"end":{"line":28,"column":30}},"8":{"start":{"line":30,"column":16},"end":{"line":33,"column":27}},"9":{"start":{"line":37,"column":8},"end":{"line":39,"column":21}},"10":{"start":{"line":40,"column":8},"end":{"line":53,"column":9}},"11":{"start":{"line":43,"column":12},"end":{"line":46,"column":14}},"12":{"start":{"line":47,"column":12},"end":{"line":47,"column":18}},"13":{"start":{"line":50,"column":12},"end":{"line":51,"column":46}},"14":{"start":{"line":52,"column":12},"end":{"line":52,"column":18}},"15":{"start":{"line":55,"column":8},"end":{"line":55,"column":35}},"16":{"start":{"line":61,"column":4},"end":{"line":63,"column":9}},"17":{"start":{"line":62,"column":8},"end":{"line":62,"column":15}},"18":{"start":{"line":64,"column":4},"end":{"line":77,"column":5}},"19":{"start":{"line":70,"column":8},"end":{"line":70,"column":14}},"20":{"start":{"line":76,"column":8},"end":{"line":76,"column":14}},"21":{"start":{"line":82,"column":4},"end":{"line":84,"column":9}},"22":{"start":{"line":83,"column":8},"end":{"line":83,"column":15}},"23":{"start":{"line":85,"column":4},"end":{"line":194,"column":5}},"24":{"start":{"line":91,"column":8},"end":{"line":99,"column":10}},"25":{"start":{"line":98,"column":12},"end":{"line":98,"column":35}},"26":{"start":{"line":102,"column":8},"end":{"line":104,"column":63}},"27":{"start":{"line":105,"column":8},"end":{"line":105,"column":14}},"28":{"start":{"line":112,"column":8},"end":{"line":121,"column":10},"skip":true},"29":{"start":{"line":119,"column":12},"end":{"line":119,"column":55},"skip":true},"30":{"start":{"line":120,"column":12},"end":{"line":120,"column":48},"skip":true},"31":{"start":{"line":123,"column":8},"end":{"line":136,"column":10},"skip":true},"32":{"start":{"line":130,"column":12},"end":{"line":130,"column":76},"skip":true},"33":{"start":{"line":131,"column":12},"end":{"line":131,"column":73},"skip":true},"34":{"start":{"line":132,"column":12},"end":{"line":132,"column":74},"skip":true},"35":{"start":{"line":133,"column":12},"end":{"line":133,"column":79},"skip":true},"36":{"start":{"line":134,"column":12},"end":{"line":134,"column":25},"skip":true},"37":{"start":{"line":135,"column":12},"end":{"line":135,"column":45},"skip":true},"38":{"start":{"line":138,"column":8},"end":{"line":145,"column":14},"skip":true},"39":{"start":{"line":143,"column":16},"end":{"line":143,"column":29},"skip":true},"40":{"start":{"line":144,"column":16},"end":{"line":144,"column":55},"skip":true},"41":{"start":{"line":147,"column":8},"end":{"line":156,"column":10},"skip":true},"42":{"start":{"line":154,"column":12},"end":{"line":154,"column":25},"skip":true},"43":{"start":{"line":155,"column":12},"end":{"line":155,"column":45},"skip":true},"44":{"start":{"line":158,"column":8},"end":{"line":167,"column":10},"skip":true},"45":{"start":{"line":165,"column":12},"end":{"line":165,"column":25},"skip":true},"46":{"start":{"line":166,"column":12},"end":{"line":166,"column":48},"skip":true},"47":{"start":{"line":169,"column":8},"end":{"line":178,"column":10},"skip":true},"48":{"start":{"line":176,"column":12},"end":{"line":176,"column":25},"skip":true},"49":{"start":{"line":177,"column":12},"end":{"line":177,"column":46},"skip":true},"50":{"start":{"line":180,"column":8},"end":{"line":189,"column":10},"skip":true},"51":{"start":{"line":187,"column":12},"end":{"line":187,"column":94},"skip":true},"52":{"start":{"line":188,"column":12},"end":{"line":188,"column":48},"skip":true},"53":{"start":{"line":192,"column":8},"end":{"line":192,"column":35},"skip":true},"54":{"start":{"line":193,"column":8},"end":{"line":193,"column":14},"skip":true}},"branchMap":{"1":{"line":25,"type":"binary-expr","locations":[{"start":{"line":25,"column":23},"end":{"line":25,"column":62}},{"start":{"line":26,"column":20},"end":{"line":26,"column":70}},{"start":{"line":27,"column":20},"end":{"line":27,"column":71}},{"start":{"line":28,"column":20},"end":{"line":28,"column":29}}]},"2":{"line":30,"type":"binary-expr","locations":[{"start":{"line":30,"column":23},"end":{"line":30,"column":37}},{"start":{"line":31,"column":20},"end":{"line":31,"column":61}},{"start":{"line":32,"column":20},"end":{"line":32,"column":70}},{"start":{"line":33,"column":20},"end":{"line":33,"column":26}}]},"3":{"line":37,"type":"cond-expr","locations":[{"start":{"line":38,"column":14},"end":{"line":38,"column":20}},{"start":{"line":39,"column":14},"end":{"line":39,"column":20}}]},"4":{"line":40,"type":"switch","locations":[{"start":{"line":42,"column":8},"end":{"line":47,"column":18}},{"start":{"line":49,"column":8},"end":{"line":52,"column":18}}]},"5":{"line":44,"type":"binary-expr","locations":[{"start":{"line":44,"column":16},"end":{"line":44,"column":44}},{"start":{"line":44,"column":48},"end":{"line":44,"column":66}}]},"6":{"line":50,"type":"binary-expr","locations":[{"start":{"line":50,"column":21},"end":{"line":50,"column":49}},{"start":{"line":50,"column":53},"end":{"line":50,"column":72}}]},"7":{"line":64,"type":"switch","locations":[{"start":{"line":69,"column":4},"end":{"line":70,"column":14}},{"start":{"line":75,"column":4},"end":{"line":76,"column":14}}]},"8":{"line":85,"type":"switch","locations":[{"start":{"line":90,"column":4},"end":{"line":105,"column":14}},{"start":{"line":111,"column":4},"end":{"line":193,"column":14},"skip":true}]},"9":{"line":91,"type":"binary-expr","locations":[{"start":{"line":91,"column":42},"end":{"line":91,"column":73}},{"start":{"line":91,"column":77},"end":{"line":99,"column":9}}]},"10":{"line":102,"type":"binary-expr","locations":[{"start":{"line":102,"column":18},"end":{"line":102,"column":32}},{"start":{"line":103,"column":12},"end":{"line":103,"column":53}},{"start":{"line":104,"column":12},"end":{"line":104,"column":61}}]},"11":{"line":112,"type":"binary-expr","locations":[{"start":{"line":112,"column":45},"end":{"line":112,"column":79},"skip":true},{"start":{"line":112,"column":83},"end":{"line":121,"column":9},"skip":true}]},"12":{"line":123,"type":"binary-expr","locations":[{"start":{"line":123,"column":42},"end":{"line":123,"column":73},"skip":true},{"start":{"line":123,"column":77},"end":{"line":136,"column":9},"skip":true}]},"13":{"line":138,"type":"binary-expr","locations":[{"start":{"line":138,"column":48},"end":{"line":138,"column":85},"skip":true},{"start":{"line":139,"column":12},"end":{"line":145,"column":13},"skip":true}]},"14":{"line":147,"type":"binary-expr","locations":[{"start":{"line":147,"column":42},"end":{"line":147,"column":73},"skip":true},{"start":{"line":147,"column":77},"end":{"line":156,"column":9},"skip":true}]},"15":{"line":158,"type":"binary-expr","locations":[{"start":{"line":158,"column":45},"end":{"line":158,"column":79},"skip":true},{"start":{"line":158,"column":83},"end":{"line":167,"column":9},"skip":true}]},"16":{"line":169,"type":"binary-expr","locations":[{"start":{"line":169,"column":43},"end":{"line":169,"column":75},"skip":true},{"start":{"line":169,"column":79},"end":{"line":178,"column":9},"skip":true}]},"17":{"line":180,"type":"binary-expr","locations":[{"start":{"line":180,"column":41},"end":{"line":180,"column":71},"skip":true},{"start":{"line":180,"column":75},"end":{"line":189,"column":9},"skip":true}]}},"code":["/* istanbul instrument in package npmtest_markdown_preview */","/*jslint","    bitwise: true,","    browser: true,","    maxerr: 8,","    maxlen: 96,","    node: true,","    nomen: true,","    regexp: true,","    stupid: true","*/","(function () {","    'use strict';","    var local;","","","","    // run shared js-env code - pre-init","    (function () {","        // init local","        local = {};","        // init modeJs","        local.modeJs = (function () {","            try {","                return typeof navigator.userAgent === 'string' &&","                    typeof document.querySelector('body') === 'object' &&","                    typeof XMLHttpRequest.prototype.open === 'function' &&","                    'browser';","            } catch (errorCaughtBrowser) {","                return module.exports &&","                    typeof process.versions.node === 'string' &&","                    typeof require('http').createServer === 'function' &&","                    'node';","            }","        }());","        // init global","        local.global = local.modeJs === 'browser'","            ? window","            : global;","        switch (local.modeJs) {","        // re-init local from window.local","        case 'browser':","            local = local.global.utility2.objectSetDefault(","                local.global.utility2_rollup || local.global.local,","                local.global.utility2","            );","            break;","        // re-init local from example.js","        case 'node':","            local = (local.global.utility2_rollup || require('utility2'))","                .requireExampleJsFromReadme();","            break;","        }","        // export local","        local.global.local = local;","    }());","","","","    // run shared js-env code - function","    (function () {","        return;","    }());","    switch (local.modeJs) {","","","","    // run browser js-env code - function","    case 'browser':","        break;","","","","    // run node js-env code - function","    case 'node':","        break;","    }","","","","    // run shared js-env code - post-init","    (function () {","        return;","    }());","    switch (local.modeJs) {","","","","    // run browser js-env code - post-init","    case 'browser':","        local.testCase_browser_nullCase = local.testCase_browser_nullCase || function (","            options,","            onError","        ) {","        /*","         * this function will test browsers's null-case handling-behavior-behavior","         */","            onError(null, options);","        };","","        // run tests","        local.nop(local.modeTest &&","            document.querySelector('#testRunButton1') &&","            document.querySelector('#testRunButton1').click());","        break;","","","","    // run node js-env code - post-init","    /* istanbul ignore next */","    case 'node':","        local.testCase_buildApidoc_default = local.testCase_buildApidoc_default || function (","            options,","            onError","        ) {","        /*","         * this function will test buildApidoc's default handling-behavior-behavior","         */","            options = { modulePathList: module.paths };","            local.buildApidoc(options, onError);","        };","","        local.testCase_buildApp_default = local.testCase_buildApp_default || function (","            options,","            onError","        ) {","        /*","         * this function will test buildApp's default handling-behavior-behavior","         */","            local.testCase_buildReadme_default(options, local.onErrorThrow);","            local.testCase_buildLib_default(options, local.onErrorThrow);","            local.testCase_buildTest_default(options, local.onErrorThrow);","            local.testCase_buildCustomOrg_default(options, local.onErrorThrow);","            options = [];","            local.buildApp(options, onError);","        };","","        local.testCase_buildCustomOrg_default = local.testCase_buildCustomOrg_default ||","            function (options, onError) {","            /*","             * this function will test buildCustomOrg's default handling-behavior","             */","                options = {};","                local.buildCustomOrg(options, onError);","            };","","        local.testCase_buildLib_default = local.testCase_buildLib_default || function (","            options,","            onError","        ) {","        /*","         * this function will test buildLib's default handling-behavior","         */","            options = {};","            local.buildLib(options, onError);","        };","","        local.testCase_buildReadme_default = local.testCase_buildReadme_default || function (","            options,","            onError","        ) {","        /*","         * this function will test buildReadme's default handling-behavior-behavior","         */","            options = {};","            local.buildReadme(options, onError);","        };","","        local.testCase_buildTest_default = local.testCase_buildTest_default || function (","            options,","            onError","        ) {","        /*","         * this function will test buildTest's default handling-behavior","         */","            options = {};","            local.buildTest(options, onError);","        };","","        local.testCase_webpage_default = local.testCase_webpage_default || function (","            options,","            onError","        ) {","        /*","         * this function will test webpage's default handling-behavior","         */","            options = { modeCoverageMerge: true, url: local.serverLocalHost + '?modeTest=1' };","            local.browserTest(options, onError);","        };","","        // run test-server","        local.testRunServer(local);","        break;","    }","}());",""],"l":{"12":2,"14":2,"19":2,"21":2,"23":2,"24":2,"25":2,"30":1,"37":2,"40":2,"43":1,"47":1,"50":1,"52":1,"55":2,"61":2,"62":2,"64":2,"70":1,"76":1,"82":2,"83":2,"85":2,"91":1,"98":1,"102":1,"105":1,"112":1,"119":1,"120":1,"123":1,"130":1,"131":1,"132":1,"133":1,"134":1,"135":1,"138":1,"143":2,"144":2,"147":1,"154":2,"155":2,"158":1,"165":2,"166":2,"169":1,"176":2,"177":2,"180":1,"187":1,"188":1,"192":1,"193":1}},"/home/travis/build/npmtest/node-npmtest-markdown-preview/lib.npmtest_markdown_preview.js":{"path":"/home/travis/build/npmtest/node-npmtest-markdown-preview/lib.npmtest_markdown_preview.js","s":{"1":2,"2":2,"3":2,"4":2,"5":2,"6":2,"7":2,"8":1,"9":2,"10":2,"11":2,"12":2,"13":1,"14":1,"15":1,"16":1},"b":{"1":[2,1,1,1],"2":[1,1,1,1],"3":[1,1],"4":[2,2],"5":[1,1]},"f":{"1":2,"2":2,"3":2},"fnMap":{"1":{"name":"(anonymous_1)","line":12,"loc":{"start":{"line":12,"column":1},"end":{"line":12,"column":13}}},"2":{"name":"(anonymous_2)","line":19,"loc":{"start":{"line":19,"column":5},"end":{"line":19,"column":17}}},"3":{"name":"(anonymous_3)","line":23,"loc":{"start":{"line":23,"column":24},"end":{"line":23,"column":36}}}},"statementMap":{"1":{"start":{"line":12,"column":0},"end":{"line":53,"column":5}},"2":{"start":{"line":14,"column":4},"end":{"line":14,"column":14}},"3":{"start":{"line":19,"column":4},"end":{"line":52,"column":9}},"4":{"start":{"line":21,"column":8},"end":{"line":21,"column":19}},"5":{"start":{"line":23,"column":8},"end":{"line":35,"column":13}},"6":{"start":{"line":24,"column":12},"end":{"line":34,"column":13}},"7":{"start":{"line":25,"column":16},"end":{"line":28,"column":30}},"8":{"start":{"line":30,"column":16},"end":{"line":33,"column":27}},"9":{"start":{"line":37,"column":8},"end":{"line":39,"column":21}},"10":{"start":{"line":41,"column":8},"end":{"line":41,"column":54}},"11":{"start":{"line":43,"column":8},"end":{"line":43,"column":61}},"12":{"start":{"line":45,"column":8},"end":{"line":51,"column":9}},"13":{"start":{"line":46,"column":12},"end":{"line":46,"column":67}},"14":{"start":{"line":48,"column":12},"end":{"line":48,"column":35}},"15":{"start":{"line":49,"column":12},"end":{"line":49,"column":49}},"16":{"start":{"line":50,"column":12},"end":{"line":50,"column":43}}},"branchMap":{"1":{"line":25,"type":"binary-expr","locations":[{"start":{"line":25,"column":23},"end":{"line":25,"column":62}},{"start":{"line":26,"column":20},"end":{"line":26,"column":70}},{"start":{"line":27,"column":20},"end":{"line":27,"column":71}},{"start":{"line":28,"column":20},"end":{"line":28,"column":29}}]},"2":{"line":30,"type":"binary-expr","locations":[{"start":{"line":30,"column":23},"end":{"line":30,"column":37}},{"start":{"line":31,"column":20},"end":{"line":31,"column":61}},{"start":{"line":32,"column":20},"end":{"line":32,"column":70}},{"start":{"line":33,"column":20},"end":{"line":33,"column":26}}]},"3":{"line":37,"type":"cond-expr","locations":[{"start":{"line":38,"column":14},"end":{"line":38,"column":20}},{"start":{"line":39,"column":14},"end":{"line":39,"column":20}}]},"4":{"line":41,"type":"binary-expr","locations":[{"start":{"line":41,"column":16},"end":{"line":41,"column":44}},{"start":{"line":41,"column":48},"end":{"line":41,"column":53}}]},"5":{"line":45,"type":"if","locations":[{"start":{"line":45,"column":8},"end":{"line":45,"column":8}},{"start":{"line":45,"column":8},"end":{"line":45,"column":8}}]}},"code":["/* istanbul instrument in package npmtest_markdown_preview */","/*jslint","    bitwise: true,","    browser: true,","    maxerr: 8,","    maxlen: 96,","    node: true,","    nomen: true,","    regexp: true,","    stupid: true","*/","(function () {","    'use strict';","    var local;","","","","    // run shared js-env code - pre-init","    (function () {","        // init local","        local = {};","        // init modeJs","        local.modeJs = (function () {","            try {","                return typeof navigator.userAgent === 'string' &&","                    typeof document.querySelector('body') === 'object' &&","                    typeof XMLHttpRequest.prototype.open === 'function' &&","                    'browser';","            } catch (errorCaughtBrowser) {","                return module.exports &&","                    typeof process.versions.node === 'string' &&","                    typeof require('http').createServer === 'function' &&","                    'node';","            }","        }());","        // init global","        local.global = local.modeJs === 'browser'","            ? window","            : global;","        // init utility2_rollup","        local = local.global.utility2_rollup || local;","        // init lib","        local.local = local.npmtest_markdown_preview = local;","        // init exports","        if (local.modeJs === 'browser') {","            local.global.utility2_npmtest_markdown_preview = local;","        } else {","            module.exports = local;","            module.exports.__dirname = __dirname;","            module.exports.module = module;","        }","    }());","}());",""],"l":{"12":2,"14":2,"19":2,"21":2,"23":2,"24":2,"25":2,"30":1,"37":2,"41":2,"43":2,"45":2,"46":1,"48":1,"49":1,"50":1}},"/home/travis/build/npmtest/node-npmtest-markdown-preview/example.js":{"path":"/home/travis/build/npmtest/node-npmtest-markdown-preview/example.js","s":{"1":2,"2":2,"3":2,"4":2,"5":2,"6":2,"7":2,"8":1,"9":2,"10":2,"11":2,"12":2,"13":1,"14":2,"15":2,"16":2,"17":2,"18":2,"19":0,"20":2,"21":1,"22":1,"23":1,"24":1,"25":1,"26":0,"27":0,"28":1,"29":1,"30":2,"31":0,"32":0,"33":0,"34":1,"35":2,"36":2,"37":3,"38":3,"39":3,"40":3,"41":0,"42":3,"43":3,"44":3,"45":1,"46":3,"47":1,"48":1,"49":1,"50":1,"51":1,"52":1,"53":1,"54":1,"55":1,"56":1,"57":0,"58":1,"59":6,"60":6,"61":1,"62":2,"63":0,"64":2,"65":1,"66":1,"67":0,"68":0,"69":0,"70":0,"71":0,"72":0,"73":0,"74":0,"75":0,"76":0,"77":0,"78":0,"79":0,"80":0,"81":0,"82":0,"83":0},"b":{"1":[2,1,1,1],"2":[1,1,1,1],"3":[1,1],"4":[2,2],"5":[1,1],"6":[1,1],"7":[2,0],"8":[2,1,1,1,1,1],"9":[0,2,0],"10":[1,1],"11":[2,1,1],"12":[1,0],"13":[0,2],"14":[2,0,0,0,0,0,0],"15":[0,3],"16":[3,0],"17":[1,1],"18":[0,1],"19":[1,2,0,2],"20":[1,0],"21":[1,1],"22":[0,0],"23":[0,0],"24":[0,0],"25":[0,0],"26":[0,0],"27":[0,0],"28":[0,0]},"f":{"1":2,"2":2,"3":2,"4":2,"5":2,"6":2,"7":3,"8":3,"9":3,"10":1,"11":6,"12":0},"fnMap":{"1":{"name":"(anonymous_1)","line":26,"loc":{"start":{"line":26,"column":1},"end":{"line":26,"column":13}}},"2":{"name":"(anonymous_2)","line":33,"loc":{"start":{"line":33,"column":5},"end":{"line":33,"column":17}}},"3":{"name":"(anonymous_3)","line":37,"loc":{"start":{"line":37,"column":24},"end":{"line":37,"column":36}}},"4":{"name":"(anonymous_4)","line":69,"loc":{"start":{"line":69,"column":31},"end":{"line":69,"column":48}},"skip":true},"5":{"name":"(anonymous_5)","line":78,"loc":{"start":{"line":78,"column":26},"end":{"line":78,"column":45}},"skip":true},"6":{"name":"(anonymous_6)","line":123,"loc":{"start":{"line":123,"column":33},"end":{"line":123,"column":48}},"skip":true},"7":{"name":"(anonymous_7)","line":125,"loc":{"start":{"line":125,"column":27},"end":{"line":125,"column":39}},"skip":true},"8":{"name":"(anonymous_8)","line":133,"loc":{"start":{"line":133,"column":59},"end":{"line":133,"column":74}},"skip":true},"9":{"name":"(anonymous_9)","line":143,"loc":{"start":{"line":143,"column":45},"end":{"line":143,"column":62}},"skip":true},"10":{"name":"(anonymous_10)","line":144,"loc":{"start":{"line":144,"column":73},"end":{"line":144,"column":92}},"skip":true},"11":{"name":"(anonymous_11)","line":272,"loc":{"start":{"line":272,"column":51},"end":{"line":272,"column":77}},"skip":true},"12":{"name":"(anonymous_12)","line":315,"loc":{"start":{"line":315,"column":32},"end":{"line":315,"column":61}},"skip":true}},"statementMap":{"1":{"start":{"line":26,"column":0},"end":{"line":326,"column":5}},"2":{"start":{"line":28,"column":4},"end":{"line":28,"column":14}},"3":{"start":{"line":33,"column":4},"end":{"line":60,"column":9}},"4":{"start":{"line":35,"column":8},"end":{"line":35,"column":19}},"5":{"start":{"line":37,"column":8},"end":{"line":49,"column":13}},"6":{"start":{"line":38,"column":12},"end":{"line":48,"column":13}},"7":{"start":{"line":39,"column":16},"end":{"line":42,"column":30}},"8":{"start":{"line":44,"column":16},"end":{"line":47,"column":27}},"9":{"start":{"line":51,"column":8},"end":{"line":53,"column":21}},"10":{"start":{"line":55,"column":8},"end":{"line":57,"column":45}},"11":{"start":{"line":59,"column":8},"end":{"line":59,"column":35}},"12":{"start":{"line":61,"column":4},"end":{"line":325,"column":5}},"13":{"start":{"line":69,"column":8},"end":{"line":121,"column":10},"skip":true},"14":{"start":{"line":70,"column":12},"end":{"line":88,"column":13},"skip":true},"15":{"start":{"line":76,"column":16},"end":{"line":87,"column":19},"skip":true},"16":{"start":{"line":79,"column":20},"end":{"line":86,"column":21},"skip":true},"17":{"start":{"line":82,"column":24},"end":{"line":82,"column":43},"skip":true},"18":{"start":{"line":83,"column":24},"end":{"line":83,"column":30},"skip":true},"19":{"start":{"line":85,"column":24},"end":{"line":85,"column":49},"skip":true},"20":{"start":{"line":89,"column":12},"end":{"line":107,"column":13},"skip":true},"21":{"start":{"line":92,"column":16},"end":{"line":102,"column":17},"skip":true},"22":{"start":{"line":93,"column":20},"end":{"line":93,"column":86},"skip":true},"23":{"start":{"line":94,"column":20},"end":{"line":95,"column":45},"skip":true},"24":{"start":{"line":96,"column":20},"end":{"line":96,"column":42},"skip":true},"25":{"start":{"line":97,"column":20},"end":{"line":97,"column":48},"skip":true},"26":{"start":{"line":100,"column":20},"end":{"line":100,"column":85},"skip":true},"27":{"start":{"line":101,"column":20},"end":{"line":101,"column":96},"skip":true},"28":{"start":{"line":103,"column":16},"end":{"line":103,"column":22},"skip":true},"29":{"start":{"line":106,"column":16},"end":{"line":106,"column":22},"skip":true},"30":{"start":{"line":108,"column":12},"end":{"line":120,"column":13},"skip":true},"31":{"start":{"line":114,"column":16},"end":{"line":119,"column":17},"skip":true},"32":{"start":{"line":116,"column":20},"end":{"line":116,"column":78},"skip":true},"33":{"start":{"line":118,"column":20},"end":{"line":118,"column":47},"skip":true},"34":{"start":{"line":123,"column":8},"end":{"line":141,"column":11},"skip":true},"35":{"start":{"line":124,"column":12},"end":{"line":124,"column":54},"skip":true},"36":{"start":{"line":125,"column":12},"end":{"line":140,"column":14},"skip":true},"37":{"start":{"line":126,"column":16},"end":{"line":126,"column":28},"skip":true},"38":{"start":{"line":127,"column":16},"end":{"line":127,"column":69},"skip":true},"39":{"start":{"line":128,"column":16},"end":{"line":128,"column":75},"skip":true},"40":{"start":{"line":129,"column":16},"end":{"line":131,"column":17},"skip":true},"41":{"start":{"line":130,"column":20},"end":{"line":130,"column":27},"skip":true},"42":{"start":{"line":133,"column":16},"end":{"line":137,"column":36},"skip":true},"43":{"start":{"line":134,"column":20},"end":{"line":136,"column":55},"skip":true},"44":{"start":{"line":139,"column":16},"end":{"line":139,"column":57},"skip":true},"45":{"start":{"line":143,"column":8},"end":{"line":147,"column":11},"skip":true},"46":{"start":{"line":144,"column":12},"end":{"line":146,"column":15},"skip":true},"47":{"start":{"line":145,"column":16},"end":{"line":145,"column":70},"skip":true},"48":{"start":{"line":149,"column":8},"end":{"line":149,"column":31},"skip":true},"49":{"start":{"line":150,"column":8},"end":{"line":150,"column":14},"skip":true},"50":{"start":{"line":158,"column":8},"end":{"line":158,"column":31},"skip":true},"51":{"start":{"line":160,"column":8},"end":{"line":160,"column":33},"skip":true},"52":{"start":{"line":161,"column":8},"end":{"line":161,"column":37},"skip":true},"53":{"start":{"line":162,"column":8},"end":{"line":162,"column":35},"skip":true},"54":{"start":{"line":164,"column":8},"end":{"line":164,"column":50},"skip":true},"55":{"start":{"line":166,"column":8},"end":{"line":256,"column":2},"skip":true},"56":{"start":{"line":258,"column":8},"end":{"line":286,"column":9},"skip":true},"57":{"start":{"line":259,"column":12},"end":{"line":269,"column":14},"skip":true},"58":{"start":{"line":271,"column":12},"end":{"line":285,"column":19},"skip":true},"59":{"start":{"line":274,"column":20},"end":{"line":274,"column":35},"skip":true},"60":{"start":{"line":275,"column":20},"end":{"line":284,"column":21},"skip":true},"61":{"start":{"line":277,"column":24},"end":{"line":277,"column":64},"skip":true},"62":{"start":{"line":279,"column":24},"end":{"line":279,"column":40},"skip":true},"63":{"start":{"line":281,"column":24},"end":{"line":281,"column":40},"skip":true},"64":{"start":{"line":283,"column":24},"end":{"line":283,"column":39},"skip":true},"65":{"start":{"line":288,"column":8},"end":{"line":290,"column":9},"skip":true},"66":{"start":{"line":289,"column":12},"end":{"line":289,"column":18},"skip":true},"67":{"start":{"line":291,"column":8},"end":{"line":293,"column":54},"skip":true},"68":{"start":{"line":296,"column":8},"end":{"line":301,"column":37},"skip":true},"69":{"start":{"line":303,"column":8},"end":{"line":303,"column":82},"skip":true},"70":{"start":{"line":306,"column":8},"end":{"line":308,"column":9},"skip":true},"71":{"start":{"line":307,"column":12},"end":{"line":307,"column":82},"skip":true},"72":{"start":{"line":310,"column":8},"end":{"line":312,"column":9},"skip":true},"73":{"start":{"line":311,"column":12},"end":{"line":311,"column":18},"skip":true},"74":{"start":{"line":313,"column":8},"end":{"line":313,"column":54},"skip":true},"75":{"start":{"line":314,"column":8},"end":{"line":314,"column":69},"skip":true},"76":{"start":{"line":315,"column":8},"end":{"line":323,"column":36},"skip":true},"77":{"start":{"line":316,"column":12},"end":{"line":316,"column":61},"skip":true},"78":{"start":{"line":317,"column":12},"end":{"line":320,"column":13},"skip":true},"79":{"start":{"line":318,"column":16},"end":{"line":318,"column":75},"skip":true},"80":{"start":{"line":319,"column":16},"end":{"line":319,"column":23},"skip":true},"81":{"start":{"line":321,"column":12},"end":{"line":321,"column":38},"skip":true},"82":{"start":{"line":322,"column":12},"end":{"line":322,"column":27},"skip":true},"83":{"start":{"line":324,"column":8},"end":{"line":324,"column":14},"skip":true}},"branchMap":{"1":{"line":39,"type":"binary-expr","locations":[{"start":{"line":39,"column":23},"end":{"line":39,"column":62}},{"start":{"line":40,"column":20},"end":{"line":40,"column":70}},{"start":{"line":41,"column":20},"end":{"line":41,"column":71}},{"start":{"line":42,"column":20},"end":{"line":42,"column":29}}]},"2":{"line":44,"type":"binary-expr","locations":[{"start":{"line":44,"column":23},"end":{"line":44,"column":37}},{"start":{"line":45,"column":20},"end":{"line":45,"column":61}},{"start":{"line":46,"column":20},"end":{"line":46,"column":70}},{"start":{"line":47,"column":20},"end":{"line":47,"column":26}}]},"3":{"line":51,"type":"cond-expr","locations":[{"start":{"line":52,"column":14},"end":{"line":52,"column":20}},{"start":{"line":53,"column":14},"end":{"line":53,"column":20}}]},"4":{"line":55,"type":"binary-expr","locations":[{"start":{"line":55,"column":16},"end":{"line":55,"column":44}},{"start":{"line":55,"column":49},"end":{"line":57,"column":43}}]},"5":{"line":55,"type":"cond-expr","locations":[{"start":{"line":56,"column":14},"end":{"line":56,"column":60}},{"start":{"line":57,"column":14},"end":{"line":57,"column":43}}]},"6":{"line":61,"type":"switch","locations":[{"start":{"line":68,"column":4},"end":{"line":150,"column":14},"skip":true},{"start":{"line":156,"column":4},"end":{"line":324,"column":14},"skip":true}]},"7":{"line":70,"type":"if","locations":[{"start":{"line":70,"column":12},"end":{"line":70,"column":12},"skip":true},{"start":{"line":70,"column":12},"end":{"line":70,"column":12},"skip":true}]},"8":{"line":70,"type":"binary-expr","locations":[{"start":{"line":70,"column":16},"end":{"line":70,"column":22},"skip":true},{"start":{"line":70,"column":27},"end":{"line":70,"column":32},"skip":true},{"start":{"line":71,"column":20},"end":{"line":71,"column":39},"skip":true},{"start":{"line":72,"column":20},"end":{"line":72,"column":49},"skip":true},{"start":{"line":73,"column":20},"end":{"line":73,"column":58},"skip":true},{"start":{"line":74,"column":20},"end":{"line":74,"column":69},"skip":true}]},"9":{"line":79,"type":"switch","locations":[{"start":{"line":80,"column":20},"end":{"line":80,"column":33},"skip":true},{"start":{"line":81,"column":20},"end":{"line":83,"column":30},"skip":true},{"start":{"line":84,"column":20},"end":{"line":85,"column":49},"skip":true}]},"10":{"line":89,"type":"switch","locations":[{"start":{"line":90,"column":12},"end":{"line":103,"column":22},"skip":true},{"start":{"line":105,"column":12},"end":{"line":106,"column":22},"skip":true}]},"11":{"line":89,"type":"binary-expr","locations":[{"start":{"line":89,"column":20},"end":{"line":89,"column":25},"skip":true},{"start":{"line":89,"column":29},"end":{"line":89,"column":48},"skip":true},{"start":{"line":89,"column":52},"end":{"line":89,"column":74},"skip":true}]},"12":{"line":92,"type":"if","locations":[{"start":{"line":92,"column":16},"end":{"line":92,"column":16},"skip":true},{"start":{"line":92,"column":16},"end":{"line":92,"column":16},"skip":true}]},"13":{"line":108,"type":"if","locations":[{"start":{"line":108,"column":12},"end":{"line":108,"column":12},"skip":true},{"start":{"line":108,"column":12},"end":{"line":108,"column":12},"skip":true}]},"14":{"line":108,"type":"binary-expr","locations":[{"start":{"line":108,"column":16},"end":{"line":108,"column":61},"skip":true},{"start":{"line":108,"column":66},"end":{"line":108,"column":72},"skip":true},{"start":{"line":108,"column":77},"end":{"line":108,"column":82},"skip":true},{"start":{"line":109,"column":20},"end":{"line":109,"column":39},"skip":true},{"start":{"line":110,"column":20},"end":{"line":110,"column":49},"skip":true},{"start":{"line":111,"column":20},"end":{"line":111,"column":58},"skip":true},{"start":{"line":112,"column":20},"end":{"line":112,"column":68},"skip":true}]},"15":{"line":129,"type":"if","locations":[{"start":{"line":129,"column":16},"end":{"line":129,"column":16},"skip":true},{"start":{"line":129,"column":16},"end":{"line":129,"column":16},"skip":true}]},"16":{"line":134,"type":"cond-expr","locations":[{"start":{"line":135,"column":26},"end":{"line":135,"column":29},"skip":true},{"start":{"line":136,"column":26},"end":{"line":136,"column":54},"skip":true}]},"17":{"line":164,"type":"binary-expr","locations":[{"start":{"line":164,"column":27},"end":{"line":164,"column":43},"skip":true},{"start":{"line":164,"column":47},"end":{"line":164,"column":49},"skip":true}]},"18":{"line":258,"type":"if","locations":[{"start":{"line":258,"column":8},"end":{"line":258,"column":8},"skip":true},{"start":{"line":258,"column":8},"end":{"line":258,"column":8},"skip":true}]},"19":{"line":275,"type":"switch","locations":[{"start":{"line":276,"column":20},"end":{"line":277,"column":64},"skip":true},{"start":{"line":278,"column":20},"end":{"line":279,"column":40},"skip":true},{"start":{"line":280,"column":20},"end":{"line":281,"column":40},"skip":true},{"start":{"line":282,"column":20},"end":{"line":283,"column":39},"skip":true}]},"20":{"line":288,"type":"if","locations":[{"start":{"line":288,"column":8},"end":{"line":288,"column":8},"skip":true},{"start":{"line":288,"column":8},"end":{"line":288,"column":8},"skip":true}]},"21":{"line":288,"type":"binary-expr","locations":[{"start":{"line":288,"column":12},"end":{"line":288,"column":40},"skip":true},{"start":{"line":288,"column":44},"end":{"line":288,"column":67},"skip":true}]},"22":{"line":292,"type":"binary-expr","locations":[{"start":{"line":292,"column":12},"end":{"line":292,"column":50},"skip":true},{"start":{"line":293,"column":12},"end":{"line":293,"column":53},"skip":true}]},"23":{"line":297,"type":"binary-expr","locations":[{"start":{"line":297,"column":12},"end":{"line":297,"column":74},"skip":true},{"start":{"line":298,"column":12},"end":{"line":301,"column":36},"skip":true}]},"24":{"line":303,"type":"binary-expr","locations":[{"start":{"line":303,"column":43},"end":{"line":303,"column":75},"skip":true},{"start":{"line":303,"column":79},"end":{"line":303,"column":81},"skip":true}]},"25":{"line":306,"type":"if","locations":[{"start":{"line":306,"column":8},"end":{"line":306,"column":8},"skip":true},{"start":{"line":306,"column":8},"end":{"line":306,"column":8},"skip":true}]},"26":{"line":310,"type":"if","locations":[{"start":{"line":310,"column":8},"end":{"line":310,"column":8},"skip":true},{"start":{"line":310,"column":8},"end":{"line":310,"column":8},"skip":true}]},"27":{"line":313,"type":"binary-expr","locations":[{"start":{"line":313,"column":27},"end":{"line":313,"column":43},"skip":true},{"start":{"line":313,"column":47},"end":{"line":313,"column":53},"skip":true}]},"28":{"line":317,"type":"if","locations":[{"start":{"line":317,"column":12},"end":{"line":317,"column":12},"skip":true},{"start":{"line":317,"column":12},"end":{"line":317,"column":12},"skip":true}]}},"code":["/*","example.js","","quickstart example","","instruction","    1. save this script as example.js","    2. run the shell command:","        $ npm install npmtest-markdown-preview && PORT=8081 node example.js","    3. play with the browser-demo on http://127.0.0.1:8081","*/","","","","/* istanbul instrument in package npmtest_markdown_preview */","/*jslint","    bitwise: true,","    browser: true,","    maxerr: 8,","    maxlen: 96,","    node: true,","    nomen: true,","    regexp: true,","    stupid: true","*/","(function () {","    'use strict';","    var local;","","","","    // run shared js-env code - pre-init","    (function () {","        // init local","        local = {};","        // init modeJs","        local.modeJs = (function () {","            try {","                return typeof navigator.userAgent === 'string' &&","                    typeof document.querySelector('body') === 'object' &&","                    typeof XMLHttpRequest.prototype.open === 'function' &&","                    'browser';","            } catch (errorCaughtBrowser) {","                return module.exports &&","                    typeof process.versions.node === 'string' &&","                    typeof require('http').createServer === 'function' &&","                    'node';","            }","        }());","        // init global","        local.global = local.modeJs === 'browser'","            ? window","            : global;","        // init utility2_rollup","        local = local.global.utility2_rollup || (local.modeJs === 'browser'","            ? local.global.utility2_npmtest_markdown_preview","            : global.utility2_moduleExports);","        // export local","        local.global.local = local;","    }());","    switch (local.modeJs) {","","","","    // post-init","    // run browser js-env code - post-init","    /* istanbul ignore next */","    case 'browser':","        local.testRunBrowser = function (event) {","            if (!event || (event &&","                    event.currentTarget &&","                    event.currentTarget.className &&","                    event.currentTarget.className.includes &&","                    event.currentTarget.className.includes('onreset'))) {","                // reset output","                Array.from(","                    document.querySelectorAll('body > .resettable')","                ).forEach(function (element) {","                    switch (element.tagName) {","                    case 'INPUT':","                    case 'TEXTAREA':","                        element.value = '';","                        break;","                    default:","                        element.textContent = '';","                    }","                });","            }","            switch (event && event.currentTarget && event.currentTarget.id) {","            case 'testRunButton1':","                // show tests","                if (document.querySelector('#testReportDiv1').style.display === 'none') {","                    document.querySelector('#testReportDiv1').style.display = 'block';","                    document.querySelector('#testRunButton1').textContent =","                        'hide internal test';","                    local.modeTest = true;","                    local.testRunDefault(local);","                // hide tests","                } else {","                    document.querySelector('#testReportDiv1').style.display = 'none';","                    document.querySelector('#testRunButton1').textContent = 'run internal test';","                }","                break;","            // custom-case","            default:","                break;","            }","            if (document.querySelector('#inputTextareaEval1') && (!event || (event &&","                    event.currentTarget &&","                    event.currentTarget.className &&","                    event.currentTarget.className.includes &&","                    event.currentTarget.className.includes('oneval')))) {","                // try to eval input-code","                try {","                    /*jslint evil: true*/","                    eval(document.querySelector('#inputTextareaEval1').value);","                } catch (errorCaught) {","                    console.error(errorCaught);","                }","            }","        };","        // log stderr and stdout to #outputTextareaStdout1","        ['error', 'log'].forEach(function (key) {","            console[key + '_original'] = console[key];","            console[key] = function () {","                var element;","                console[key + '_original'].apply(console, arguments);","                element = document.querySelector('#outputTextareaStdout1');","                if (!element) {","                    return;","                }","                // append text to #outputTextareaStdout1","                element.value += Array.from(arguments).map(function (arg) {","                    return typeof arg === 'string'","                        ? arg","                        : JSON.stringify(arg, null, 4);","                }).join(' ') + '\\n';","                // scroll textarea to bottom","                element.scrollTop = element.scrollHeight;","            };","        });","        // init event-handling","        ['change', 'click', 'keyup'].forEach(function (event) {","            Array.from(document.querySelectorAll('.on' + event)).forEach(function (element) {","                element.addEventListener(event, local.testRunBrowser);","            });","        });","        // run tests","        local.testRunBrowser();","        break;","","","","    // run node js-env code - post-init","    /* istanbul ignore next */","    case 'node':","        // export local","        module.exports = local;","        // require modules","        local.fs = require('fs');","        local.http = require('http');","        local.url = require('url');","        // init assets","        local.assetsDict = local.assetsDict || {};","        /* jslint-ignore-begin */","        local.assetsDict['/assets.index.template.html'] = '\\","<!doctype html>\\n\\","<html lang=\"en\">\\n\\","<head>\\n\\","<meta charset=\"UTF-8\">\\n\\","<meta name=\"viewport\" content=\"width=device-width, initial-scale=1\">\\n\\","<title>{{env.npm_package_name}} (v{{env.npm_package_version}})</title>\\n\\","<style>\\n\\","/*csslint\\n\\","    box-sizing: false,\\n\\","    universal-selector: false\\n\\","*/\\n\\","* {\\n\\","    box-sizing: border-box;\\n\\","}\\n\\","body {\\n\\","    background: #dde;\\n\\","    font-family: Arial, Helvetica, sans-serif;\\n\\","    margin: 2rem;\\n\\","}\\n\\","body > * {\\n\\","    margin-bottom: 1rem;\\n\\","}\\n\\",".utility2FooterDiv {\\n\\","    margin-top: 20px;\\n\\","    text-align: center;\\n\\","}\\n\\","</style>\\n\\","<style>\\n\\","/*csslint\\n\\","*/\\n\\","textarea {\\n\\","    font-family: monospace;\\n\\","    height: 10rem;\\n\\","    width: 100%;\\n\\","}\\n\\","textarea[readonly] {\\n\\","    background: #ddd;\\n\\","}\\n\\","</style>\\n\\","</head>\\n\\","<body>\\n\\","<!-- utility2-comment\\n\\","<div id=\"ajaxProgressDiv1\" style=\"background: #d00; height: 2px; left: 0; margin: 0; padding: 0; position: fixed; top: 0; transition: background 0.5s, width 1.5s; width: 25%;\"></div>\\n\\","utility2-comment -->\\n\\","<h1>\\n\\","<!-- utility2-comment\\n\\","    <a\\n\\","        {{#if env.npm_package_homepage}}\\n\\","        href=\"{{env.npm_package_homepage}}\"\\n\\","        {{/if env.npm_package_homepage}}\\n\\","        target=\"_blank\"\\n\\","    >\\n\\","utility2-comment -->\\n\\","        {{env.npm_package_name}} (v{{env.npm_package_version}})\\n\\","<!-- utility2-comment\\n\\","    </a>\\n\\","utility2-comment -->\\n\\","</h1>\\n\\","<h3>{{env.npm_package_description}}</h3>\\n\\","<!-- utility2-comment\\n\\","<h4><a download href=\"assets.app.js\">download standalone app</a></h4>\\n\\","<button class=\"onclick onreset\" id=\"testRunButton1\">run internal test</button><br>\\n\\","<div id=\"testReportDiv1\" style=\"display: none;\"></div>\\n\\","utility2-comment -->\\n\\","\\n\\","\\n\\","\\n\\","<label>stderr and stdout</label>\\n\\","<textarea class=\"resettable\" id=\"outputTextareaStdout1\" readonly></textarea>\\n\\","<!-- utility2-comment\\n\\","{{#if isRollup}}\\n\\","<script src=\"assets.app.js\"></script>\\n\\","{{#unless isRollup}}\\n\\","utility2-comment -->\\n\\","<script src=\"assets.utility2.rollup.js\"></script>\\n\\","<script src=\"jsonp.utility2._stateInit?callback=window.utility2._stateInit\"></script>\\n\\","<script src=\"assets.npmtest_markdown_preview.rollup.js\"></script>\\n\\","<script src=\"assets.example.js\"></script>\\n\\","<script src=\"assets.test.js\"></script>\\n\\","<!-- utility2-comment\\n\\","{{/if isRollup}}\\n\\","utility2-comment -->\\n\\","<div class=\"utility2FooterDiv\">\\n\\","    [ this app was created with\\n\\","    <a href=\"https://github.com/kaizhu256/node-utility2\" target=\"_blank\">utility2</a>\\n\\","    ]\\n\\","</div>\\n\\","</body>\\n\\","</html>\\n\\","';","        /* jslint-ignore-end */","        if (local.templateRender) {","            local.assetsDict['/'] = local.templateRender(","                local.assetsDict['/assets.index.template.html'],","                {","                    env: local.objectSetDefault(local.env, {","                        npm_package_description: 'the greatest app in the world!',","                        npm_package_name: 'my-app',","                        npm_package_nameAlias: 'my_app',","                        npm_package_version: '0.0.1'","                    })","                }","            );","        } else {","            local.assetsDict['/'] = local.assetsDict['/assets.index.template.html']","                .replace((/\\{\\{env\\.(\\w+?)\\}\\}/g), function (match0, match1) {","                    // jslint-hack","                    String(match0);","                    switch (match1) {","                    case 'npm_package_description':","                        return 'the greatest app in the world!';","                    case 'npm_package_name':","                        return 'my-app';","                    case 'npm_package_nameAlias':","                        return 'my_app';","                    case 'npm_package_version':","                        return '0.0.1';","                    }","                });","        }","        // run the cli","        if (local.global.utility2_rollup || module !== require.main) {","            break;","        }","        local.assetsDict['/assets.example.js'] =","            local.assetsDict['/assets.example.js'] ||","            local.fs.readFileSync(__filename, 'utf8');","        // bug-workaround - long $npm_package_buildCustomOrg","        /* jslint-ignore-begin */","        local.assetsDict['/assets.npmtest_markdown_preview.rollup.js'] =","            local.assetsDict['/assets.npmtest_markdown_preview.rollup.js'] ||","            local.fs.readFileSync(","                local.npmtest_markdown_preview.__dirname + '/lib.npmtest_markdown_preview.js',","                'utf8'","            ).replace((/^#!/), '//');","        /* jslint-ignore-end */","        local.assetsDict['/favicon.ico'] = local.assetsDict['/favicon.ico'] || '';","        // if $npm_config_timeout_exit exists,","        // then exit this process after $npm_config_timeout_exit ms","        if (Number(process.env.npm_config_timeout_exit)) {","            setTimeout(process.exit, Number(process.env.npm_config_timeout_exit));","        }","        // start server","        if (local.global.utility2_serverHttp1) {","            break;","        }","        process.env.PORT = process.env.PORT || '8081';","        console.error('server starting on port ' + process.env.PORT);","        local.http.createServer(function (request, response) {","            request.urlParsed = local.url.parse(request.url);","            if (local.assetsDict[request.urlParsed.pathname] !== undefined) {","                response.end(local.assetsDict[request.urlParsed.pathname]);","                return;","            }","            response.statusCode = 404;","            response.end();","        }).listen(process.env.PORT);","        break;","    }","}());",""],"l":{"26":2,"28":2,"33":2,"35":2,"37":2,"38":2,"39":2,"44":1,"51":2,"55":2,"59":2,"61":2,"69":1,"70":2,"76":2,"79":2,"82":2,"83":2,"85":1,"89":2,"92":1,"93":1,"94":1,"96":1,"97":1,"100":1,"101":1,"103":1,"106":1,"108":2,"114":1,"116":1,"118":1,"123":1,"124":2,"125":2,"126":3,"127":3,"128":3,"129":3,"130":1,"133":3,"134":3,"139":3,"143":1,"144":3,"145":1,"149":1,"150":1,"158":1,"160":1,"161":1,"162":1,"164":1,"166":1,"258":1,"259":1,"271":1,"274":6,"275":6,"277":1,"279":2,"281":1,"283":2,"288":1,"289":1,"291":1,"296":1,"303":1,"306":1,"307":1,"310":1,"311":1,"313":1,"314":1,"315":1,"316":1,"317":1,"318":1,"319":1,"321":1,"322":1,"324":1}},"/home/travis/build/npmtest/node-npmtest-markdown-preview/node_modules/markdown-preview/bin/markdown-preview":{"path":"/home/travis/build/npmtest/node-npmtest-markdown-preview/node_modules/markdown-preview/bin/markdown-preview","s":{"1":1,"2":1,"3":1,"4":1,"5":1,"6":1,"7":1,"8":1,"9":1,"10":1,"11":1,"12":1,"13":1,"14":1,"15":1,"16":0,"17":0,"18":0,"19":0,"20":0,"21":0,"22":0,"23":0,"24":0,"25":0,"26":0,"27":0,"28":0,"29":0,"30":0,"31":0,"32":0,"33":0,"34":0,"35":0,"36":0,"37":1,"38":1,"39":1},"b":{"1":[0,0],"2":[0,0],"3":[0,0],"4":[0,0],"5":[0,0],"6":[1,0]},"f":{"1":0,"2":0,"3":0,"4":0,"5":0,"6":0,"7":0},"fnMap":{"1":{"name":"(anonymous_1)","line":36,"loc":{"start":{"line":36,"column":10},"end":{"line":36,"column":29}}},"2":{"name":"(anonymous_2)","line":37,"loc":{"start":{"line":37,"column":20},"end":{"line":37,"column":37}}},"3":{"name":"(anonymous_3)","line":45,"loc":{"start":{"line":45,"column":12},"end":{"line":45,"column":27}}},"4":{"name":"(anonymous_4)","line":55,"loc":{"start":{"line":55,"column":20},"end":{"line":55,"column":31}}},"5":{"name":"(anonymous_5)","line":63,"loc":{"start":{"line":63,"column":29},"end":{"line":63,"column":43}}},"6":{"name":"(anonymous_6)","line":65,"loc":{"start":{"line":65,"column":29},"end":{"line":65,"column":43}}},"7":{"name":"(anonymous_7)","line":74,"loc":{"start":{"line":74,"column":12},"end":{"line":74,"column":27}}}},"statementMap":{"1":{"start":{"line":3,"column":0},"end":{"line":3,"column":23}},"2":{"start":{"line":4,"column":0},"end":{"line":4,"column":27}},"3":{"start":{"line":5,"column":0},"end":{"line":5,"column":27}},"4":{"start":{"line":6,"column":0},"end":{"line":6,"column":35}},"5":{"start":{"line":7,"column":0},"end":{"line":7,"column":35}},"6":{"start":{"line":8,"column":0},"end":{"line":8,"column":38}},"7":{"start":{"line":9,"column":0},"end":{"line":9,"column":37}},"8":{"start":{"line":10,"column":0},"end":{"line":10,"column":33}},"9":{"start":{"line":11,"column":0},"end":{"line":11,"column":38}},"10":{"start":{"line":12,"column":0},"end":{"line":12,"column":42}},"11":{"start":{"line":13,"column":0},"end":{"line":13,"column":42}},"12":{"start":{"line":14,"column":0},"end":{"line":14,"column":34}},"13":{"start":{"line":16,"column":0},"end":{"line":23,"column":2}},"14":{"start":{"line":25,"column":0},"end":{"line":32,"column":54}},"15":{"start":{"line":34,"column":0},"end":{"line":77,"column":5}},"16":{"start":{"line":37,"column":4},"end":{"line":41,"column":7}},"17":{"start":{"line":38,"column":6},"end":{"line":40,"column":7}},"18":{"start":{"line":39,"column":8},"end":{"line":39,"column":39}},"19":{"start":{"line":43,"column":4},"end":{"line":76,"column":9}},"20":{"start":{"line":46,"column":8},"end":{"line":54,"column":9}},"21":{"start":{"line":47,"column":10},"end":{"line":51,"column":13}},"22":{"start":{"line":52,"column":10},"end":{"line":52,"column":56}},"23":{"start":{"line":53,"column":10},"end":{"line":53,"column":16}},"24":{"start":{"line":55,"column":8},"end":{"line":58,"column":11}},"25":{"start":{"line":56,"column":10},"end":{"line":56,"column":38}},"26":{"start":{"line":57,"column":10},"end":{"line":57,"column":43}},"27":{"start":{"line":60,"column":8},"end":{"line":60,"column":33}},"28":{"start":{"line":61,"column":8},"end":{"line":61,"column":39}},"29":{"start":{"line":63,"column":8},"end":{"line":72,"column":11}},"30":{"start":{"line":64,"column":10},"end":{"line":64,"column":59}},"31":{"start":{"line":65,"column":10},"end":{"line":70,"column":13}},"32":{"start":{"line":66,"column":12},"end":{"line":68,"column":13}},"33":{"start":{"line":67,"column":14},"end":{"line":67,"column":39}},"34":{"start":{"line":69,"column":12},"end":{"line":69,"column":103}},"35":{"start":{"line":71,"column":10},"end":{"line":71,"column":32}},"36":{"start":{"line":75,"column":8},"end":{"line":75,"column":65}},"37":{"start":{"line":79,"column":0},"end":{"line":79,"column":28}},"38":{"start":{"line":81,"column":0},"end":{"line":83,"column":1}},"39":{"start":{"line":82,"column":2},"end":{"line":82,"column":23}}},"branchMap":{"1":{"line":38,"type":"if","locations":[{"start":{"line":38,"column":6},"end":{"line":38,"column":6}},{"start":{"line":38,"column":6},"end":{"line":38,"column":6}}]},"2":{"line":46,"type":"if","locations":[{"start":{"line":46,"column":8},"end":{"line":46,"column":8}},{"start":{"line":46,"column":8},"end":{"line":46,"column":8}}]},"3":{"line":48,"type":"binary-expr","locations":[{"start":{"line":48,"column":23},"end":{"line":48,"column":41}},{"start":{"line":48,"column":45},"end":{"line":48,"column":54}}]},"4":{"line":66,"type":"if","locations":[{"start":{"line":66,"column":12},"end":{"line":66,"column":12}},{"start":{"line":66,"column":12},"end":{"line":66,"column":12}}]},"5":{"line":71,"type":"binary-expr","locations":[{"start":{"line":71,"column":10},"end":{"line":71,"column":13}},{"start":{"line":71,"column":17},"end":{"line":71,"column":31}}]},"6":{"line":81,"type":"if","locations":[{"start":{"line":81,"column":0},"end":{"line":81,"column":0}},{"start":{"line":81,"column":0},"end":{"line":81,"column":0}}]}},"code":["//#!/usr/bin/env node","","var fs = require('fs');","var path = require('path');","var open = require('open');","var program = require('commander');","var watch  = require('node-watch');","var server = require('../lib/server');","var check  = require('../lib/check');","var R = require('../lib/global');","var parser = require('../lib/parser');","var template = require('../lib/template');","var getTheme = require('../lib/getTheme');","var read = require('../lib/read');","","var options = [","  'parser',","  'port',","  'browser',","  'css',","  'highlight',","  'output'","];","","program","  .version(require('../package.json').version)","  .option('-P, --parser <parser>', 'use markdown parser, remark | marked | showdown')","  .option('-p, --port <port>', 'server port (defaults to 3333)')","  .option('-b, --browser <browser>', 'browser name to open')","  .option('-c, --css <name>', 'use customize css file for styling')","  .option('-i, --highlight <highlight>', 'set highlight style')","  .option('-o, --output <filename>', 'write to file');","","program","  .arguments('<filename>')","  .action(function(filename) {","    options.forEach(function(option) {","      if (program[option]) {","        R.set(option, program[option]);","      }","    });","","    check(filename)","      .accept(['md', 'mkd', 'markdown'])","      .pass(function(name) {","        if(program.output){","          var out = template.render({","            highlight: R.get('highlight') || 'default',","            theme: getTheme(R.get('css')),","            body: parser.parse(read(path.resolve(filename)))","          });","          fs.writeFileSync(program.output, out, 'utf8');","          return","        }","        watch(name, function() {","          R.set('stamp', +new Date());","          console.log('%s changed.', name);","        });","","        var port = R.get('port');","        var browser = R.get('browser');","","        server.startAt(port, function(res) {","          var url = 'http://localhost:' + port + '/' + name","          open(url, browser, function(err) {","            if (err) {","              console.log(err.message);","            }","            console.log('If the browser fails to launch, please open this url to preview:\\n%s\\n', url);","          });","          res && process.exit();","        });","      })","      .fail(function(name) {","        console.log('Error: Please open a valid markdown file.');","      });","  });","","program.parse(process.argv);","","if (!program.args.length) {","  program.outputHelp();","}",""],"l":{"3":1,"4":1,"5":1,"6":1,"7":1,"8":1,"9":1,"10":1,"11":1,"12":1,"13":1,"14":1,"16":1,"25":1,"34":1,"37":0,"38":0,"39":0,"43":0,"46":0,"47":0,"52":0,"53":0,"55":0,"56":0,"57":0,"60":0,"61":0,"63":0,"64":0,"65":0,"66":0,"67":0,"69":0,"71":0,"75":0,"79":1,"81":1,"82":1}},"/home/travis/build/npmtest/node-npmtest-markdown-preview/node_modules/markdown-preview/lib/server.js":{"path":"/home/travis/build/npmtest/node-npmtest-markdown-preview/node_modules/markdown-preview/lib/server.js","s":{"1":1,"2":1,"3":1,"4":1,"5":1,"6":1,"7":1,"8":1,"9":1,"10":1,"11":1,"12":1,"13":1,"14":1,"15":1,"16":1,"17":1,"18":1,"19":0,"20":0,"21":1,"22":0,"23":1,"24":0,"25":0,"26":0,"27":0,"28":0,"29":0,"30":0,"31":0,"32":0,"33":0,"34":0,"35":0,"36":0,"37":0,"38":0,"39":0,"40":0,"41":0,"42":0,"43":0,"44":0,"45":0,"46":0,"47":0,"48":0,"49":0,"50":0},"b":{"1":[0,0],"2":[0,0],"3":[0,0],"4":[0,0],"5":[0,0],"6":[0,0],"7":[0,0]},"f":{"1":1,"2":0,"3":0,"4":0,"5":0,"6":0,"7":0,"8":0,"9":0},"fnMap":{"1":{"name":"(anonymous_1)","line":30,"loc":{"start":{"line":30,"column":19},"end":{"line":30,"column":30}}},"2":{"name":"(anonymous_2)","line":32,"loc":{"start":{"line":32,"column":9},"end":{"line":32,"column":28}}},"3":{"name":"(anonymous_3)","line":35,"loc":{"start":{"line":35,"column":19},"end":{"line":35,"column":30}}},"4":{"name":"(anonymous_4)","line":46,"loc":{"start":{"line":46,"column":30},"end":{"line":46,"column":41}}},"5":{"name":"handler","line":53,"loc":{"start":{"line":53,"column":0},"end":{"line":53,"column":27}}},"6":{"name":"(anonymous_6)","line":61,"loc":{"start":{"line":61,"column":17},"end":{"line":61,"column":28}}},"7":{"name":"(anonymous_7)","line":81,"loc":{"start":{"line":81,"column":15},"end":{"line":81,"column":36}}},"8":{"name":"(anonymous_8)","line":93,"loc":{"start":{"line":93,"column":12},"end":{"line":93,"column":23}}},"9":{"name":"(anonymous_9)","line":109,"loc":{"start":{"line":109,"column":10},"end":{"line":109,"column":25}}}},"statementMap":{"1":{"start":{"line":5,"column":0},"end":{"line":5,"column":23}},"2":{"start":{"line":6,"column":0},"end":{"line":6,"column":27}},"3":{"start":{"line":7,"column":0},"end":{"line":7,"column":27}},"4":{"start":{"line":8,"column":0},"end":{"line":8,"column":21}},"5":{"start":{"line":9,"column":0},"end":{"line":9,"column":25}},"6":{"start":{"line":10,"column":0},"end":{"line":10,"column":32}},"7":{"start":{"line":11,"column":0},"end":{"line":11,"column":34}},"8":{"start":{"line":13,"column":0},"end":{"line":13,"column":31}},"9":{"start":{"line":14,"column":0},"end":{"line":14,"column":33}},"10":{"start":{"line":15,"column":0},"end":{"line":15,"column":39}},"11":{"start":{"line":16,"column":0},"end":{"line":16,"column":37}},"12":{"start":{"line":17,"column":0},"end":{"line":17,"column":35}},"13":{"start":{"line":18,"column":0},"end":{"line":18,"column":29}},"14":{"start":{"line":19,"column":0},"end":{"line":19,"column":28}},"15":{"start":{"line":20,"column":0},"end":{"line":20,"column":37}},"16":{"start":{"line":30,"column":0},"end":{"line":40,"column":5}},"17":{"start":{"line":31,"column":2},"end":{"line":31,"column":42}},"18":{"start":{"line":32,"column":2},"end":{"line":39,"column":4}},"19":{"start":{"line":33,"column":4},"end":{"line":38,"column":9}},"20":{"start":{"line":37,"column":8},"end":{"line":37,"column":32}},"21":{"start":{"line":46,"column":0},"end":{"line":48,"column":8}},"22":{"start":{"line":47,"column":2},"end":{"line":47,"column":17}},"23":{"start":{"line":53,"column":0},"end":{"line":114,"column":1}},"24":{"start":{"line":55,"column":2},"end":{"line":55,"column":36}},"25":{"start":{"line":56,"column":2},"end":{"line":56,"column":51}},"26":{"start":{"line":57,"column":2},"end":{"line":57,"column":66}},"27":{"start":{"line":58,"column":2},"end":{"line":58,"column":54}},"28":{"start":{"line":59,"column":2},"end":{"line":59,"column":38}},"29":{"start":{"line":60,"column":2},"end":{"line":60,"column":30}},"30":{"start":{"line":61,"column":2},"end":{"line":63,"column":4}},"31":{"start":{"line":62,"column":4},"end":{"line":62,"column":44}},"32":{"start":{"line":65,"column":2},"end":{"line":72,"column":3}},"33":{"start":{"line":66,"column":4},"end":{"line":66,"column":28}},"34":{"start":{"line":67,"column":4},"end":{"line":69,"column":47}},"35":{"start":{"line":71,"column":4},"end":{"line":71,"column":11}},"36":{"start":{"line":74,"column":2},"end":{"line":74,"column":12}},"37":{"start":{"line":75,"column":2},"end":{"line":79,"column":3}},"38":{"start":{"line":76,"column":4},"end":{"line":76,"column":50}},"39":{"start":{"line":77,"column":9},"end":{"line":79,"column":3}},"40":{"start":{"line":78,"column":4},"end":{"line":78,"column":50}},"41":{"start":{"line":80,"column":2},"end":{"line":89,"column":3}},"42":{"start":{"line":81,"column":4},"end":{"line":87,"column":22}},"43":{"start":{"line":82,"column":6},"end":{"line":86,"column":10}},"44":{"start":{"line":88,"column":4},"end":{"line":88,"column":11}},"45":{"start":{"line":91,"column":2},"end":{"line":105,"column":3}},"46":{"start":{"line":92,"column":4},"end":{"line":102,"column":24}},"47":{"start":{"line":94,"column":8},"end":{"line":101,"column":14}},"48":{"start":{"line":104,"column":4},"end":{"line":104,"column":11}},"49":{"start":{"line":108,"column":2},"end":{"line":113,"column":21}},"50":{"start":{"line":110,"column":6},"end":{"line":112,"column":45}}},"branchMap":{"1":{"line":65,"type":"if","locations":[{"start":{"line":65,"column":2},"end":{"line":65,"column":2}},{"start":{"line":65,"column":2},"end":{"line":65,"column":2}}]},"2":{"line":65,"type":"binary-expr","locations":[{"start":{"line":65,"column":6},"end":{"line":65,"column":26}},{"start":{"line":65,"column":30},"end":{"line":65,"column":69}}]},"3":{"line":75,"type":"if","locations":[{"start":{"line":75,"column":2},"end":{"line":75,"column":2}},{"start":{"line":75,"column":2},"end":{"line":75,"column":2}}]},"4":{"line":77,"type":"if","locations":[{"start":{"line":77,"column":9},"end":{"line":77,"column":9}},{"start":{"line":77,"column":9},"end":{"line":77,"column":9}}]},"5":{"line":80,"type":"if","locations":[{"start":{"line":80,"column":2},"end":{"line":80,"column":2}},{"start":{"line":80,"column":2},"end":{"line":80,"column":2}}]},"6":{"line":91,"type":"if","locations":[{"start":{"line":91,"column":2},"end":{"line":91,"column":2}},{"start":{"line":91,"column":2},"end":{"line":91,"column":2}}]},"7":{"line":98,"type":"binary-expr","locations":[{"start":{"line":98,"column":23},"end":{"line":98,"column":41}},{"start":{"line":98,"column":45},"end":{"line":98,"column":54}}]}},"code":["","/**"," * Module dependencies."," */","var fs = require('fs');","var http = require('http');","var path = require('path');","var join = path.join;","var url = require('url');","var qs = require('querystring');","var watch = require('node-watch');","","var check = require('./check');","var parser = require('./parser');","var countdown = require('./countdown');","var template = require('./template');","var reswrap = require('./reswrap');","var read = require('./read');","var R = require('./global');","var getTheme = require('./getTheme');","","","/**"," * Running server at a given port."," *"," * @param {Number} port"," * @param {Function} fn"," * @api public"," */","exports.startAt = (function() {","  var server = http.createServer(handler);","  return function(port, fn) {","    http","      .get('http://localhost:' + port, fn)","      .on('error', function() {","        //port free","        server.listen(port, fn);","      });","  };","}());","","","/**"," * Countdown to exit the program."," */","var exitCountdown = countdown(function() {","  process.exit();","}, 3e3);","","/**"," * Http handler for the web server"," */","function handler(req, res) {","","  var parsedUrl = url.parse(req.url)","  var callback = qs.parse(parsedUrl.query).callback","  var filename = decodeURI(parsedUrl.path.substr(1).split('?')[0])","  var basename = path.basename(filename.split('?')[0])","  var extname = path.extname(basename)","  var response = reswrap(res);","  var notfound = function() {","    response.writeHead(404, 'text').end('');","  };","","  if (req.method === 'GET' && parsedUrl.pathname === '/jsonp-request') {","    exitCountdown.restart();","    response","      .writeHead(200, 'js')","      .end(callback +'('+ R.get('stamp') +')');","","    return;","  }","","  var serve;","  if (/^\\/template/.test(parsedUrl.pathname)) {","    serve = check(join(__dirname, '..', filename))","  } else if (/^\\/node_modules/.test(parsedUrl.pathname)) {","    serve = check(join(__dirname, '..', filename))","  }","  if (serve) {","    serve.pass(function(name, type) {","      response","        .writeHead(200, extname.substr(1))","        .pipeWith(fs.createReadStream(","          path.resolve(name)","        ))","    }).fail(notfound);","    return;","  }","","  if (/^\\.(md|mkd|markdown|html)$/.test(extname)) {","    check(filename)","      .pass(function() {","        response","          .writeHead(200, 'html')","          .end(template.render({","            title: basename,","            highlight: R.get('highlight') || 'default',","            theme: getTheme(R.get('css')),","            body: parser.parse(read(path.resolve(filename)))","          }));","      }).fail(notfound);","","    return;","  }","","  // Image or some other resources.","  check(filename)","    .pass(function(name) {","      response","        .writeHead(200, name)","        .pipeWith(fs.createReadStream(name));","    }).fail(notfound)","};",""],"l":{"5":1,"6":1,"7":1,"8":1,"9":1,"10":1,"11":1,"13":1,"14":1,"15":1,"16":1,"17":1,"18":1,"19":1,"20":1,"30":1,"31":1,"32":1,"33":0,"37":0,"46":1,"47":0,"53":1,"55":0,"56":0,"57":0,"58":0,"59":0,"60":0,"61":0,"62":0,"65":0,"66":0,"67":0,"71":0,"74":0,"75":0,"76":0,"77":0,"78":0,"80":0,"81":0,"82":0,"88":0,"91":0,"92":0,"94":0,"104":0,"108":0,"110":0}},"/home/travis/build/npmtest/node-npmtest-markdown-preview/node_modules/markdown-preview/lib/check.js":{"path":"/home/travis/build/npmtest/node-npmtest-markdown-preview/node_modules/markdown-preview/lib/check.js","s":{"1":1,"2":1,"3":1,"4":0,"5":1,"6":0,"7":0,"8":0,"9":1,"10":0,"11":0,"12":1,"13":0,"14":0,"15":0,"16":0,"17":1,"18":0,"19":0,"20":0,"21":0,"22":1,"23":0,"24":0,"25":0,"26":0,"27":0,"28":0,"29":0,"30":0,"31":0},"b":{"1":[0,0,0],"2":[0,0],"3":[0,0],"4":[0,0],"5":[0,0],"6":[0,0],"7":[0,0],"8":[0,0],"9":[0,0,0,0,0],"10":[0,0,0,0]},"f":{"1":0,"2":0,"3":0,"4":0,"5":0,"6":0,"7":0,"8":0,"9":0},"fnMap":{"1":{"name":"(anonymous_1)","line":15,"loc":{"start":{"line":15,"column":17},"end":{"line":15,"column":36}}},"2":{"name":"check","line":26,"loc":{"start":{"line":26,"column":0},"end":{"line":26,"column":25}}},"3":{"name":"(anonymous_3)","line":39,"loc":{"start":{"line":39,"column":25},"end":{"line":39,"column":41}}},"4":{"name":"(anonymous_4)","line":51,"loc":{"start":{"line":51,"column":23},"end":{"line":51,"column":36}}},"5":{"name":"(anonymous_5)","line":53,"loc":{"start":{"line":53,"column":23},"end":{"line":53,"column":46}}},"6":{"name":"(anonymous_6)","line":66,"loc":{"start":{"line":66,"column":23},"end":{"line":66,"column":36}}},"7":{"name":"(anonymous_7)","line":68,"loc":{"start":{"line":68,"column":23},"end":{"line":68,"column":46}}},"8":{"name":"(anonymous_8)","line":81,"loc":{"start":{"line":81,"column":28},"end":{"line":81,"column":41}}},"9":{"name":"(anonymous_9)","line":91,"loc":{"start":{"line":91,"column":27},"end":{"line":91,"column":48}}}},"statementMap":{"1":{"start":{"line":5,"column":0},"end":{"line":5,"column":25}},"2":{"start":{"line":6,"column":0},"end":{"line":6,"column":27}},"3":{"start":{"line":15,"column":0},"end":{"line":17,"column":2}},"4":{"start":{"line":16,"column":2},"end":{"line":16,"column":29}},"5":{"start":{"line":26,"column":0},"end":{"line":30,"column":1}},"6":{"start":{"line":27,"column":2},"end":{"line":27,"column":59}},"7":{"start":{"line":28,"column":2},"end":{"line":28,"column":18}},"8":{"start":{"line":29,"column":2},"end":{"line":29,"column":20}},"9":{"start":{"line":39,"column":0},"end":{"line":42,"column":2}},"10":{"start":{"line":40,"column":2},"end":{"line":40,"column":21}},"11":{"start":{"line":41,"column":2},"end":{"line":41,"column":14}},"12":{"start":{"line":51,"column":0},"end":{"line":57,"column":2}},"13":{"start":{"line":52,"column":2},"end":{"line":52,"column":31}},"14":{"start":{"line":53,"column":2},"end":{"line":55,"column":5}},"15":{"start":{"line":54,"column":4},"end":{"line":54,"column":33}},"16":{"start":{"line":56,"column":2},"end":{"line":56,"column":14}},"17":{"start":{"line":66,"column":0},"end":{"line":72,"column":2}},"18":{"start":{"line":67,"column":2},"end":{"line":67,"column":31}},"19":{"start":{"line":68,"column":2},"end":{"line":70,"column":5}},"20":{"start":{"line":69,"column":4},"end":{"line":69,"column":33}},"21":{"start":{"line":71,"column":2},"end":{"line":71,"column":14}},"22":{"start":{"line":81,"column":0},"end":{"line":102,"column":2}},"23":{"start":{"line":82,"column":2},"end":{"line":82,"column":51}},"24":{"start":{"line":83,"column":2},"end":{"line":83,"column":36}},"25":{"start":{"line":84,"column":2},"end":{"line":86,"column":28}},"26":{"start":{"line":88,"column":2},"end":{"line":99,"column":3}},"27":{"start":{"line":89,"column":4},"end":{"line":89,"column":25}},"28":{"start":{"line":91,"column":4},"end":{"line":98,"column":7}},"29":{"start":{"line":92,"column":6},"end":{"line":96,"column":55}},"30":{"start":{"line":97,"column":6},"end":{"line":97,"column":23}},"31":{"start":{"line":101,"column":2},"end":{"line":101,"column":14}}},"branchMap":{"1":{"line":27,"type":"binary-expr","locations":[{"start":{"line":27,"column":18},"end":{"line":27,"column":26}},{"start":{"line":27,"column":30},"end":{"line":27,"column":52}},{"start":{"line":27,"column":56},"end":{"line":27,"column":58}}]},"2":{"line":53,"type":"binary-expr","locations":[{"start":{"line":53,"column":2},"end":{"line":53,"column":4}},{"start":{"line":53,"column":8},"end":{"line":55,"column":4}}]},"3":{"line":54,"type":"binary-expr","locations":[{"start":{"line":54,"column":4},"end":{"line":54,"column":10}},{"start":{"line":54,"column":14},"end":{"line":54,"column":32}}]},"4":{"line":68,"type":"binary-expr","locations":[{"start":{"line":68,"column":2},"end":{"line":68,"column":4}},{"start":{"line":68,"column":8},"end":{"line":70,"column":4}}]},"5":{"line":69,"type":"binary-expr","locations":[{"start":{"line":69,"column":4},"end":{"line":69,"column":10}},{"start":{"line":69,"column":14},"end":{"line":69,"column":32}}]},"6":{"line":84,"type":"cond-expr","locations":[{"start":{"line":85,"column":7},"end":{"line":85,"column":34}},{"start":{"line":86,"column":7},"end":{"line":86,"column":26}}]},"7":{"line":88,"type":"if","locations":[{"start":{"line":88,"column":2},"end":{"line":88,"column":2}},{"start":{"line":88,"column":2},"end":{"line":88,"column":2}}]},"8":{"line":94,"type":"cond-expr","locations":[{"start":{"line":95,"column":13},"end":{"line":95,"column":71}},{"start":{"line":96,"column":13},"end":{"line":96,"column":53}}]},"9":{"line":95,"type":"binary-expr","locations":[{"start":{"line":95,"column":13},"end":{"line":95,"column":18}},{"start":{"line":95,"column":22},"end":{"line":95,"column":36}},{"start":{"line":95,"column":40},"end":{"line":95,"column":54}},{"start":{"line":95,"column":58},"end":{"line":95,"column":62}},{"start":{"line":95,"column":66},"end":{"line":95,"column":71}}]},"10":{"line":96,"type":"binary-expr","locations":[{"start":{"line":96,"column":13},"end":{"line":96,"column":18}},{"start":{"line":96,"column":22},"end":{"line":96,"column":36}},{"start":{"line":96,"column":40},"end":{"line":96,"column":44}},{"start":{"line":96,"column":48},"end":{"line":96,"column":53}}]}},"code":["","/**"," *  Module dependencies."," */","var fs   = require('fs');","var path = require('path');","","","/**"," * Initialize a `check` instance with the given filename."," *"," * @param {String} filename"," * @api public"," */","module.exports = function(filename) {","  return new check(filename);","};","","","/**"," * Initialize a new `check` with the given filename."," *"," * @param {String} filename"," * @api private"," */","function check(filename) {","  this.filename = filename && path.resolve(filename) || '';","  this.types = [];","  this.valid = null;","};","","","/**"," * Set valid file types."," *"," * @param {Array|String} types"," * @api public"," */","check.prototype.accept = function(types) {","  this.types = types;","  return this;","};","","","/**"," * Catch if the filename has passed the validation."," *"," * @param {Function} fn"," * @api public"," */","check.prototype.pass = function(fn) {","  var filename = this.filename;","  fn && this._validate(function(result, type) {","    result && fn(filename, type);","  });","  return this;","};","","","/**"," * Catch if the filename failed to validate."," *"," * @param {Function} fn"," * @api public"," */","check.prototype.fail = function(fn) {","  var filename = this.filename;","  fn && this._validate(function(result, type) {","    result || fn(filename, type);","  });","  return this;","};","","","/**"," * Check if a file exists and matches the specified file types."," *"," * @param {Function} fn"," * @api private"," */","check.prototype._validate = function(fn) {","  var type = path.extname(this.filename).substr(1);","  var hasType = !!this.types.length;","  var isTypeAccepted = Array.isArray(this.types)","    ? (!!~this.types.indexOf(type))","    : (this.types === type);","","  if (this.valid !== null) {","    fn(this.valid, type);","  } else {","    fs.stat(this.filename, function(err, stats) {","      var result","        = this.valid","        = hasType","          ? (stats && stats.isFile() && isTypeAccepted && true || false)","          : (stats && stats.isFile() && true || false);","      fn(result, type);","    });","  }","","  return this;","};","",""],"l":{"5":1,"6":1,"15":1,"16":0,"26":1,"27":0,"28":0,"29":0,"39":1,"40":0,"41":0,"51":1,"52":0,"53":0,"54":0,"56":0,"66":1,"67":0,"68":0,"69":0,"71":0,"81":1,"82":0,"83":0,"84":0,"88":0,"89":0,"91":0,"92":0,"97":0,"101":0}},"/home/travis/build/npmtest/node-npmtest-markdown-preview/node_modules/markdown-preview/lib/parser.js":{"path":"/home/travis/build/npmtest/node-npmtest-markdown-preview/node_modules/markdown-preview/lib/parser.js","s":{"1":1,"2":1,"3":1,"4":1,"5":1,"6":1,"7":1,"8":1,"9":1,"10":1,"11":1,"12":0,"13":0,"14":0,"15":0,"16":0,"17":0},"b":{"1":[0,1],"2":[0,0],"3":[0,0]},"f":{"1":0},"fnMap":{"1":{"name":"(anonymous_1)","line":41,"loc":{"start":{"line":41,"column":16},"end":{"line":41,"column":32}}}},"statementMap":{"1":{"start":{"line":4,"column":0},"end":{"line":4,"column":35}},"2":{"start":{"line":5,"column":0},"end":{"line":5,"column":33}},"3":{"start":{"line":6,"column":0},"end":{"line":6,"column":33}},"4":{"start":{"line":7,"column":0},"end":{"line":7,"column":36}},"5":{"start":{"line":8,"column":0},"end":{"line":8,"column":46}},"6":{"start":{"line":9,"column":0},"end":{"line":9,"column":44}},"7":{"start":{"line":10,"column":0},"end":{"line":10,"column":35}},"8":{"start":{"line":12,"column":0},"end":{"line":21,"column":3}},"9":{"start":{"line":24,"column":0},"end":{"line":26,"column":29}},"10":{"start":{"line":29,"column":0},"end":{"line":32,"column":18}},"11":{"start":{"line":41,"column":0},"end":{"line":52,"column":2}},"12":{"start":{"line":43,"column":2},"end":{"line":43,"column":32}},"13":{"start":{"line":45,"column":2},"end":{"line":51,"column":3}},"14":{"start":{"line":46,"column":4},"end":{"line":46,"column":25}},"15":{"start":{"line":47,"column":9},"end":{"line":51,"column":3}},"16":{"start":{"line":48,"column":4},"end":{"line":48,"column":42}},"17":{"start":{"line":50,"column":4},"end":{"line":50,"column":37}}},"branchMap":{"1":{"line":24,"type":"cond-expr","locations":[{"start":{"line":25,"column":4},"end":{"line":25,"column":28}},{"start":{"line":26,"column":4},"end":{"line":26,"column":28}}]},"2":{"line":45,"type":"if","locations":[{"start":{"line":45,"column":2},"end":{"line":45,"column":2}},{"start":{"line":45,"column":2},"end":{"line":45,"column":2}}]},"3":{"line":47,"type":"if","locations":[{"start":{"line":47,"column":9},"end":{"line":47,"column":9}},{"start":{"line":47,"column":9},"end":{"line":47,"column":9}}]}},"code":["/**"," * Module dependencies."," */","var showdown = require('showdown');","var marked   = require('marked');","var unified = require('unified');","var parse = require('remark-parse');","var remarkToRehype = require('remark-rehype');","var stringify = require('rehype-stringify');","var R        = require('./global');","","marked.setOptions({","  renderer:    new marked.Renderer(),","  gfm:         true,","  tables:      true,","  breaks:      false,","  pedantic:    false,","  sanitize:    true,","  smartLists:  true,","  smartypants: false","});","","// Initialize a showdown coventer.","var converter = showdown.converter","  ? new showdown.converter()","  : new showdown.Converter();","","// Initialize a remark coventer.","var remark = unified()","  .use(parse)","  .use(remarkToRehype)","  .use(stringify);","","/**"," * Markdown parser with showdown."," *"," * @param {String} input"," * @api public"," */","","exports.parse = function(input) {","","  var parser =  R.get(\"parser\");","","  if ( parser === \"marked\" ) {","    return marked(input);","  } else if ( parser === \"remark\" ) {","    return remark.process(input).contents;","  } else {","    return converter.makeHtml(input);","  }","};",""],"l":{"4":1,"5":1,"6":1,"7":1,"8":1,"9":1,"10":1,"12":1,"24":1,"29":1,"41":1,"43":0,"45":0,"46":0,"47":0,"48":0,"50":0}},"/home/travis/build/npmtest/node-npmtest-markdown-preview/node_modules/markdown-preview/lib/global.js":{"path":"/home/travis/build/npmtest/node-npmtest-markdown-preview/node_modules/markdown-preview/lib/global.js","s":{"1":1,"2":0,"3":4,"4":1,"5":4,"6":4,"7":1},"b":{"1":[4,0]},"f":{"1":0,"2":4,"3":1},"fnMap":{"1":{"name":"(anonymous_1)","line":6,"loc":{"start":{"line":6,"column":7},"end":{"line":6,"column":21}}},"2":{"name":"(anonymous_2)","line":9,"loc":{"start":{"line":9,"column":7},"end":{"line":9,"column":26}}},"3":{"
[...]
},c:[c],starts:{e:\"</script>\",rE:!0,sL:\"\"}},s,{cN:\"pi\",b:/<\\?\\w+/,e:/\\?>/,r:10},{cN:\"tag\",b:\"</?\",e:\"/?>\",c:[{cN:\"title\",b:/[^ \\/><\\n\\t]+/,r:0},c]}]}});hljs.registerLanguage(\"autohotkey\",function(e){var r={cN:\"escape\",b:\"`[\\\\s\\\\S]\"},c=e.C(\";\",\"$\",{r:0}),n=[{cN:\"built_in\",b:\"A_[a-zA-Z0-9]+\"},{cN:\"built_in\",bK:\"ComSpec Clipboard ClipboardAll ErrorLevel\"}];return{cI:!0,k:{keyword:\"Break Continue Else Gosub If Loop Return While\",literal:\"A true false NOT AND OR\"},c:n.concat([r,e.inherit(e.QSM,{c:[r]}),c,{cN:\"number\",b:e.NR,r:0},{cN:\"var_expand\",b:\"%\",e:\"%\",i:\"\\\\n\",c:[r]},{cN:\"label\",c:[r],v:[{b:'^[^\\\\n\";]+::(?!=)'},{b:'^[^\\\\n\";]+:(?!=)',r:0}]},{b:\",\\\\s*,\",r:10}])}});hljs.registerLanguage(\"r\",function(e){var r=\"([a-zA-Z]|\\\\.[a-zA-Z.])[a-zA-Z0-9._]*\";return{c:[e.HCM,{b:r,l:r,k:{keyword:\"function if in break next repeat else for return switch while try tryCatch stop warning require library attach detach source setMethod setGeneric setGroupGeneric setClass ...\",literal:\"NULL NA TRUE FALSE T F Inf NaN NA_integer_|10 NA_real_|10 NA_character_|10 NA_complex_|10\"},r:0},{cN:\"number\",b:\"0[xX][0-9a-fA-F]+[Li]?\\\\b\",r:0},{cN:\"number\",b:\"\\\\d+(?:[eE][+\\\\-]?\\\\d*)?L\\\\b\",r:0},{cN:\"number\",b:\"\\\\d+\\\\.(?!\\\\d)(?:i\\\\b)?\",r:0},{cN:\"number\",b:\"\\\\d+(?:\\\\.\\\\d*)?(?:[eE][+\\\\-]?\\\\d*)?i?\\\\b\",r:0},{cN:\"number\",b:\"\\\\.\\\\d+(?:[eE][+\\\\-]?\\\\d*)?i?\\\\b\",r:0},{b:\"`\",e:\"`\",r:0},{cN:\"string\",c:[e.BE],v:[{b:'\"',e:'\"'},{b:\"'\",e:\"'\"}]}]}});hljs.registerLanguage(\"cs\",function(e){var r=\"abstract as base bool break byte case catch char checked const continue decimal dynamic default delegate do double else enum event explicit extern false finally fixed float for foreach goto if implicit in int interface internal is lock long null when object operator out override params private protected public readonly ref sbyte sealed short sizeof stackalloc static string struct switch this true try typeof uint ulong unchecked unsafe ushort using virtual volatile void while async protected public private internal ascending descending from get group into join let orderby partial select set value var where yield\",t=e.IR+\"(<\"+e.IR+\">)?\";return{aliases:[\"csharp\"],k:r,i:/::/,c:[e.C(\"///\",\"$\",{rB:!0,c:[{cN:\"xmlDocTag\",v:[{b:\"///\",r:0},{b:\"<!--|-->\"},{b:\"</?\",e:\">\"}]}]}),e.CLCM,e.CBCM,{cN:\"preprocessor\",b:\"#\",e:\"$\",k:\"if else elif endif define undef warning error line region endregion pragma checksum\"},{cN:\"string\",b:'@\"',e:'\"',c:[{b:'\"\"'}]},e.ASM,e.QSM,e.CNM,{bK:\"class namespace interface\",e:/[{;=]/,i:/[^\\s:]/,c:[e.TM,e.CLCM,e.CBCM]},{bK:\"new return throw await\",r:0},{cN:\"function\",b:\"(\"+t+\"\\\\s+)+\"+e.IR+\"\\\\s*\\\\(\",rB:!0,e:/[{;=]/,eE:!0,k:r,c:[{b:e.IR+\"\\\\s*\\\\(\",rB:!0,c:[e.TM],r:0},{cN:\"params\",b:/\\(/,e:/\\)/,k:r,r:0,c:[e.ASM,e.QSM,e.CNM,e.CBCM]},e.CLCM,e.CBCM]}]}});hljs.registerLanguage(\"nsis\",function(e){var t={cN:\"symbol\",b:\"\\\\$(ADMINTOOLS|APPDATA|CDBURN_AREA|CMDLINE|COMMONFILES32|COMMONFILES64|COMMONFILES|COOKIES|DESKTOP|DOCUMENTS|EXEDIR|EXEFILE|EXEPATH|FAVORITES|FONTS|HISTORY|HWNDPARENT|INSTDIR|INTERNET_CACHE|LANGUAGE|LOCALAPPDATA|MUSIC|NETHOOD|OUTDIR|PICTURES|PLUGINSDIR|PRINTHOOD|PROFILE|PROGRAMFILES32|PROGRAMFILES64|PROGRAMFILES|QUICKLAUNCH|RECENT|RESOURCES_LOCALIZED|RESOURCES|SENDTO|SMPROGRAMS|SMSTARTUP|STARTMENU|SYSDIR|TEMP|TEMPLATES|VIDEOS|WINDIR)\"},n={cN:\"constant\",b:\"\\\\$+{[a-zA-Z0-9_]+}\"},i={cN:\"variable\",b:\"\\\\$+[a-zA-Z0-9_]+\",i:\"\\\\(\\\\){}\"},r={cN:\"constant\",b:\"\\\\$+\\\\([a-zA-Z0-9_]+\\\\)\"},o={cN:\"params\",b:\"(ARCHIVE|FILE_ATTRIBUTE_ARCHIVE|FILE_ATTRIBUTE_NORMAL|FILE_ATTRIBUTE_OFFLINE|FILE_ATTRIBUTE_READONLY|FILE_ATTRIBUTE_SYSTEM|FILE_ATTRIBUTE_TEMPORARY|HKCR|HKCU|HKDD|HKEY_CLASSES_ROOT|HKEY_CURRENT_CONFIG|HKEY_CURRENT_USER|HKEY_DYN_DATA|HKEY_LOCAL_MACHINE|HKEY_PERFORMANCE_DATA|HKEY_USERS|HKLM|HKPD|HKU|IDABORT|IDCANCEL|IDIGNORE|IDNO|IDOK|IDRETRY|IDYES|MB_ABORTRETRYIGNORE|MB_DEFBUTTON1|MB_DEFBUTTON2|MB_DEFBUTTON3|MB_DEFBUTTON4|MB_ICONEXCLAMATION|MB_ICONINFORMATION|MB_ICONQUESTION|MB_ICONSTOP|MB_OK|MB_OKCANCEL|MB_RETRYCANCEL|MB_RIGHT|MB_RTLREADING|MB_SETFOREGROUND|MB_TOPMOST|MB_USERICON|MB_YESNO|NORMAL|OFFLINE|READONLY|SHCTX|SHELL_CONTEXT|SYSTEM|TEMPORARY)\"},l={cN:\"constant\",b:\"\\\\!(addincludedir|addplugindir|appendfile|cd|define|delfile|echo|else|endif|error|execute|finalize|getdllversionsystem|ifdef|ifmacrodef|ifmacrondef|ifndef|if|include|insertmacro|macroend|macro|makensis|packhdr|searchparse|searchreplace|tempfile|undef|verbose|warning)\"};return{cI:!1,k:{keyword:\"Abort AddBrandingImage AddSize AllowRootDirInstall AllowSkipFiles AutoCloseWindow BGFont BGGradient BrandingText BringToFront Call CallInstDLL Caption ChangeUI CheckBitmap ClearErrors CompletedText ComponentText CopyFiles CRCCheck CreateDirectory CreateFont CreateShortCut Delete DeleteINISec DeleteINIStr DeleteRegKey DeleteRegValue DetailPrint DetailsButtonText DirText DirVar DirVerify EnableWindow EnumRegKey EnumRegValue Exch Exec ExecShell ExecWait ExpandEnvStrings File FileBufSize FileClose FileErrorText FileOpen FileRead FileReadByte FileReadUTF16LE FileReadWord FileSeek FileWrite FileWriteByte FileWriteUTF16LE FileWriteWord FindClose FindFirst FindNext FindWindow FlushINI FunctionEnd GetCurInstType GetCurrentAddress GetDlgItem GetDLLVersion GetDLLVersionLocal GetErrorLevel GetFileTime GetFileTimeLocal GetFullPathName GetFunctionAddress GetInstDirError GetLabelAddress GetTempFileName Goto HideWindow Icon IfAbort IfErrors IfFileExists IfRebootFlag IfSilent InitPluginsDir InstallButtonText InstallColors InstallDir InstallDirRegKey InstProgressFlags InstType InstTypeGetText InstTypeSetText IntCmp IntCmpU IntFmt IntOp IsWindow LangString LicenseBkColor LicenseData LicenseForceSelection LicenseLangString LicenseText LoadLanguageFile LockWindow LogSet LogText ManifestDPIAware ManifestSupportedOS MessageBox MiscButtonText Name Nop OutFile Page PageCallbacks PageExEnd Pop Push Quit ReadEnvStr ReadINIStr ReadRegDWORD ReadRegStr Reboot RegDLL Rename RequestExecutionLevel ReserveFile Return RMDir SearchPath SectionEnd SectionGetFlags SectionGetInstTypes SectionGetSize SectionGetText SectionGroupEnd SectionIn SectionSetFlags SectionSetInstTypes SectionSetSize SectionSetText SendMessage SetAutoClose SetBrandingImage SetCompress SetCompressor SetCompressorDictSize SetCtlColors SetCurInstType SetDatablockOptimize SetDateSave SetDetailsPrint SetDetailsView SetErrorLevel SetErrors SetFileAttributes SetFont SetOutPath SetOverwrite SetPluginUnload SetRebootFlag SetRegView SetShellVarContext SetSilent ShowInstDetails ShowUninstDetails ShowWindow SilentInstall SilentUnInstall Sleep SpaceTexts StrCmp StrCmpS StrCpy StrLen SubCaption SubSectionEnd Unicode UninstallButtonText UninstallCaption UninstallIcon UninstallSubCaption UninstallText UninstPage UnRegDLL Var VIAddVersionKey VIFileVersion VIProductVersion WindowIcon WriteINIStr WriteRegBin WriteRegDWORD WriteRegExpandStr WriteRegStr WriteUninstaller XPStyle\",literal:\"admin all auto both colored current false force hide highest lastused leave listonly none normal notset off on open print show silent silentlog smooth textonly true user \"},c:[e.HCM,e.CBCM,{cN:\"string\",b:'\"',e:'\"',i:\"\\\\n\",c:[{cN:\"symbol\",b:\"\\\\$(\\\\\\\\(n|r|t)|\\\\$)\"},t,n,i,r]},e.C(\";\",\"$\",{r:0}),{cN:\"function\",bK:\"Function PageEx Section SectionGroup SubSection\",e:\"$\"},l,n,i,r,o,e.NM,{cN:\"literal\",b:e.IR+\"::\"+e.IR}]}});hljs.registerLanguage(\"less\",function(e){var r=\"[\\\\w-]+\",t=\"(\"+r+\"|@{\"+r+\"})\",a=[],c=[],n=function(e){return{cN:\"string\",b:\"~?\"+e+\".*?\"+e}},i=function(e,r,t){return{cN:e,b:r,r:t}},s=function(r,t,a){return e.inherit({cN:r,b:t+\"\\\\(\",e:\"\\\\(\",rB:!0,eE:!0,r:0},a)},b={b:\"\\\\(\",e:\"\\\\)\",c:c,r:0};c.push(e.CLCM,e.CBCM,n(\"'\"),n('\"'),e.CSSNM,i(\"hexcolor\",\"#[0-9A-Fa-f]+\\\\b\"),s(\"function\",\"(url|data-uri)\",{starts:{cN:\"string\",e:\"[\\\\)\\\\n]\",eE:!0}}),s(\"function\",r),b,i(\"variable\",\"@@?\"+r,10),i(\"variable\",\"@{\"+r+\"}\"),i(\"built_in\",\"~?`[^`]*?`\"),{cN:\"attribute\",b:r+\"\\\\s*:\",e:\":\",rB:!0,eE:!0});var o=c.concat({b:\"{\",e:\"}\",c:a}),u={bK:\"when\",eW:!0,c:[{bK:\"and not\"}].concat(c)},C={cN:\"attribute\",b:t,e:\":\",eE:!0,c:[e.CLCM,e.CBCM],i:/\\S/,starts:{e:\"[;}]\",rE:!0,c:c,i:\"[<=$]\"}},l={cN:\"at_rule\",b:\"@(import|media|charset|font-face|(-[a-z]+-)?keyframes|supports|document|namespace|page|viewport|host)\\\\b\",starts:{e:\"[;{}]\",rE:!0,c:c,r:0}},d={cN:\"variable\",v:[{b:\"@\"+r+\"\\\\s*:\",r:15},{b:\"@\"+r}],starts:{e:\"[;}]\",rE:!0,c:o}},p={v:[{b:\"[\\\\.#:&\\\\[]\",e:\"[;{}]\"},{b:t+\"[^;]*{\",e:\"{\"}],rB:!0,rE:!0,i:\"[<='$\\\"]\",c:[e.CLCM,e.CBCM,u,i(\"keyword\",\"all\\\\b\"),i(\"variable\",\"@{\"+r+\"}\"),i(\"tag\",t+\"%?\",0),i(\"id\",\"#\"+t),i(\"class\",\"\\\\.\"+t,0),i(\"keyword\",\"&\",0),s(\"pseudo\",\":not\"),s(\"keyword\",\":extend\"),i(\"pseudo\",\"::?\"+t),{cN:\"attr_selector\",b:\"\\\\[\",e:\"\\\\]\"},{b:\"\\\\(\",e:\"\\\\)\",c:o},{b:\"!important\"}]};return a.push(e.CLCM,e.CBCM,l,d,p,C),{cI:!0,i:\"[=>'/<($\\\"]\",c:a}});hljs.registerLanguage(\"pf\",function(t){var o={cN:\"variable\",b:/\\$[\\w\\d#@][\\w\\d_]*/},e={cN:\"variable\",b:/</,e:/>/};return{aliases:[\"pf.conf\"],l:/[a-z0-9_<>-]+/,k:{built_in:\"block match pass load anchor|5 antispoof|10 set table\",keyword:\"in out log quick on rdomain inet inet6 proto from port os to routeallow-opts divert-packet divert-reply divert-to flags group icmp-typeicmp6-type label once probability recieved-on rtable prio queuetos tag tagged user keep fragment for os dropaf-to|10 binat-to|10 nat-to|10 rdr-to|10 bitmask least-stats random round-robinsource-hash static-portdup-to reply-to route-toparent bandwidth default min max qlimitblock-policy debug fingerprints hostid limit loginterface optimizationreassemble ruleset-optimization basic none profile skip state-defaultsstate-policy timeoutconst counters persistno modulate synproxy state|5 floating if-bound no-sync pflow|10 sloppysource-track global rule max-src-nodes max-src-states max-src-connmax-src-conn-rate overload flushscrub|5 max-mss min-ttl no-df|10 random-id\",literal:\"all any no-route self urpf-failed egress|5 unknown\"},c:[t.HCM,t.NM,t.QSM,o,e]}});hljs.registerLanguage(\"lasso\",function(e){var r=\"[a-zA-Z_][a-zA-Z0-9_.]*\",a=\"<\\\\?(lasso(script)?|=)\",t=\"\\\\]|\\\\?>\",s={literal:\"true false none minimal full all void and or not bw nbw ew new cn ncn lt lte gt gte eq neq rx nrx ft\",built_in:\"array date decimal duration integer map pair string tag xml null boolean bytes keyword list locale queue set stack staticarray local var variable global data self inherited\",keyword:\"error_code error_msg error_pop error_push error_reset cache database_names database_schemanames database_tablenames define_tag define_type email_batch encode_set html_comment handle handle_error header if inline iterate ljax_target link link_currentaction link_currentgroup link_currentrecord link_detail link_firstgroup link_firstrecord link_lastgroup link_lastrecord link_nextgroup link_nextrecord link_prevgroup link_prevrecord log loop namespace_using output_none portal private protect records referer referrer repeating resultset rows search_args search_arguments select sort_args sort_arguments thread_atomic value_list while abort case else if_empty if_false if_null if_true loop_abort loop_continue loop_count params params_up return return_value run_children soap_definetag soap_lastrequest soap_lastresponse tag_name ascending average by define descending do equals frozen group handle_failure import in into join let match max min on order parent protected provide public require returnhome skip split_thread sum take thread to trait type where with yield yieldhome\"},n=e.C(\"<!--\",\"-->\",{r:0}),o={cN:\"preprocessor\",b:\"\\\\[noprocess\\\\]\",starts:{cN:\"markup\",e:\"\\\\[/noprocess\\\\]\",rE:!0,c:[n]}},i={cN:\"preprocessor\",b:\"\\\\[/noprocess|\"+a},l={cN:\"variable\",b:\"'\"+r+\"'\"},c=[e.CLCM,{cN:\"javadoc\",b:\"/\\\\*\\\\*!\",e:\"\\\\*/\",c:[e.PWM]},e.CBCM,e.inherit(e.CNM,{b:e.CNR+\"|(-?infinity|nan)\\\\b\"}),e.inherit(e.ASM,{i:null}),e.inherit(e.QSM,{i:null}),{cN:\"string\",b:\"`\",e:\"`\"},{cN:\"variable\",v:[{b:\"[#$]\"+r},{b:\"#\",e:\"\\\\d+\",i:\"\\\\W\"}]},{cN:\"tag\",b:\"::\\\\s*\",e:r,i:\"\\\\W\"},{cN:\"attribute\",v:[{b:\"-\"+e.UIR,r:0},{b:\"(\\\\.\\\\.\\\\.)\"}]},{cN:\"subst\",v:[{b:\"->\\\\s*\",c:[l]},{b:\":=|/(?!\\\\w)=?|[-+*%=<>&|!?\\\\\\\\]+\",r:0}]},{cN:\"built_in\",b:\"\\\\.\\\\.?\\\\s*\",r:0,c:[l]},{cN:\"class\",bK:\"define\",rE:!0,e:\"\\\\(|=>\",c:[e.inherit(e.TM,{b:e.UIR+\"(=(?!>))?\"})]}];return{aliases:[\"ls\",\"lassoscript\"],cI:!0,l:r+\"|&[lg]t;\",k:s,c:[{cN:\"preprocessor\",b:t,r:0,starts:{cN:\"markup\",e:\"\\\\[|\"+a,rE:!0,r:0,c:[n]}},o,i,{cN:\"preprocessor\",b:\"\\\\[no_square_brackets\",starts:{e:\"\\\\[/no_square_brackets\\\\]\",l:r+\"|&[lg]t;\",k:s,c:[{cN:\"preprocessor\",b:t,r:0,starts:{cN:\"markup\",e:\"\\\\[noprocess\\\\]|\"+a,rE:!0,c:[n]}},o,i].concat(c)}},{cN:\"preprocessor\",b:\"\\\\[\",r:0},{cN:\"shebang\",b:\"^#!.+lasso9\\\\b\",r:10}].concat(c)}});hljs.registerLanguage(\"prolog\",function(c){var r={cN:\"atom\",b:/[a-z][A-Za-z0-9_]*/,r:0},b={cN:\"name\",v:[{b:/[A-Z][a-zA-Z0-9_]*/},{b:/_[A-Za-z0-9_]*/}],r:0},a={b:/\\(/,e:/\\)/,r:0},e={b:/\\[/,e:/\\]/},n={cN:\"comment\",b:/%/,e:/$/,c:[c.PWM]},t={cN:\"string\",b:/`/,e:/`/,c:[c.BE]},g={cN:\"string\",b:/0\\'(\\\\\\'|.)/},N={cN:\"string\",b:/0\\'\\\\s/},o={b:/:-/},s=[r,b,a,o,e,n,c.CBCM,c.QSM,c.ASM,t,g,N,c.CNM];return a.c=s,e.c=s,{c:s.concat([{b:/\\.$/}])}});hljs.registerLanguage(\"oxygene\",function(e){var r=\"abstract add and array as asc aspect assembly async begin break block by case class concat const copy constructor continue create default delegate desc distinct div do downto dynamic each else empty end ensure enum equals event except exit extension external false final finalize finalizer finally flags for forward from function future global group has if implementation implements implies in index inherited inline interface into invariants is iterator join locked locking loop matching method mod module namespace nested new nil not notify nullable of old on operator or order out override parallel params partial pinned private procedure property protected public queryable raise read readonly record reintroduce remove repeat require result reverse sealed select self sequence set shl shr skip static step soft take then to true try tuple type union unit unsafe until uses using var virtual raises volatile where while with write xor yield await mapped deprecated stdcall cdecl pascal register safecall overload library platform reference packed strict published autoreleasepool selector strong weak unretained\",t=e.C(\"{\",\"}\",{r:0}),a=e.C(\"\\\\(\\\\*\",\"\\\\*\\\\)\",{r:10}),n={cN:\"string\",b:\"'\",e:\"'\",c:[{b:\"''\"}]},o={cN:\"string\",b:\"(#\\\\d+)+\"},i={cN:\"function\",bK:\"function constructor destructor procedure method\",e:\"[:;]\",k:\"function constructor|10 destructor|10 procedure|10 method|10\",c:[e.TM,{cN:\"params\",b:\"\\\\(\",e:\"\\\\)\",k:r,c:[n,o]},t,a]};return{cI:!0,k:r,i:'(\"|\\\\$[G-Zg-z]|\\\\/\\\\*|</|=>|->)',c:[t,a,e.CLCM,n,o,e.NM,i,{cN:\"class\",b:\"=\\\\bclass\\\\b\",e:\"end;\",k:r,c:[n,o,t,a,e.CLCM,i]}]}});hljs.registerLanguage(\"applescript\",function(e){var t=e.inherit(e.QSM,{i:\"\"}),r={cN:\"params\",b:\"\\\\(\",e:\"\\\\)\",c:[\"self\",e.CNM,t]},o=e.C(\"--\",\"$\"),n=e.C(\"\\\\(\\\\*\",\"\\\\*\\\\)\",{c:[\"self\",o]}),a=[o,n,e.HCM];return{aliases:[\"osascript\"],k:{keyword:\"about above after against and around as at back before beginning behind below beneath beside between but by considering contain contains continue copy div does eighth else end equal equals error every exit fifth first for fourth from front get given global if ignoring in into is it its last local me middle mod my ninth not of on onto or over prop property put ref reference repeat returning script second set seventh since sixth some tell tenth that the|0 then third through thru timeout times to transaction try until where while whose with without\",constant:\"AppleScript false linefeed return pi quote result space tab true\",type:\"alias application boolean class constant date file integer list number real record string text\",command:\"activate beep count delay launch log offset read round run say summarize write\",property:\"character characters contents day frontmost id item length month name paragraph paragraphs rest reverse running time version weekday word words year\"},c:[t,e.CNM,{cN:\"type\",b:\"\\\\bPOSIX file\\\\b\"},{cN:\"command\",b:\"\\\\b(clipboard info|the clipboard|info for|list (disks|folder)|mount volume|path to|(close|open for) access|(get|set) eof|current date|do shell script|get volume settings|random number|set volume|system attribute|system info|time to GMT|(load|run|store) script|scripting components|ASCII (character|number)|localized string|choose (application|color|file|file name|folder|from list|remote application|URL)|display (alert|dialog))\\\\b|^\\\\s*return\\\\b\"},{cN:\"constant\",b:\"\\\\b(text item delimiters|current application|missing value)\\\\b\"},{cN:\"keyword\",b:\"\\\\b(apart from|aside from|instead of|out of|greater than|isn't|(doesn't|does not) (equal|come before|come after|contain)|(greater|less) than( or equal)?|(starts?|ends|begins?) with|contained by|comes (before|after)|a (ref|reference))\\\\b\"},{cN:\"property\",b:\"\\\\b(POSIX path|(date|time) string|quoted form)\\\\b\"},{cN:\"function_start\",bK:\"on\",i:\"[${=;\\\\n]\",c:[e.UTM,r]}].concat(a),i:\"//|->|=>\"}});hljs.registerLanguage(\"makefile\",function(e){var a={cN:\"variable\",b:/\\$\\(/,e:/\\)/,c:[e.BE]};return{aliases:[\"mk\",\"mak\"],c:[e.HCM,{b:/^\\w+\\s*\\W*=/,rB:!0,r:0,starts:{cN:\"constant\",e:/\\s*\\W*=/,eE:!0,starts:{e:/$/,r:0,c:[a]}}},{cN:\"title\",b:/^[\\w]+:\\s*$/},{cN:\"phony\",b:/^\\.PHONY:/,e:/$/,k:\".PHONY\",l:/[\\.\\w]+/},{b:/^\\t+/,e:/$/,r:0,c:[e.QSM,a]}]}});hljs.registerLanguage(\"dust\",function(e){var a=\"if eq ne lt lte gt gte select default math sep\";return{aliases:[\"dst\"],cI:!0,sL:\"xml\",subLanguageMode:\"continuous\",c:[{cN:\"expression\",b:\"{\",e:\"}\",r:0,c:[{cN:\"begin-block\",b:\"#[a-zA-Z- .]+\",k:a},{cN:\"string\",b:'\"',e:'\"'},{cN:\"end-block\",b:\"\\\\/[a-zA-Z- .]+\",k:a},{cN:\"variable\",b:\"[a-zA-Z-.]+\",k:a,r:0}]}]}});hljs.registerLanguage(\"clojure-repl\",function(e){return{c:[{cN:\"prompt\",b:/^([\\w.-]+|\\s*#_)=>/,starts:{e:/$/,sL:\"clojure\",subLanguageMode:\"continuous\"}}]}});hljs.registerLanguage(\"dart\",function(e){var t={cN:\"subst\",b:\"\\\\$\\\\{\",e:\"}\",k:\"true false null this is new super\"},r={cN:\"string\",v:[{b:\"r'''\",e:\"'''\"},{b:'r\"\"\"',e:'\"\"\"'},{b:\"r'\",e:\"'\",i:\"\\\\n\"},{b:'r\"',e:'\"',i:\"\\\\n\"},{b:\"'''\",e:\"'''\",c:[e.BE,t]},{b:'\"\"\"',e:'\"\"\"',c:[e.BE,t]},{b:\"'\",e:\"'\",i:\"\\\\n\",c:[e.BE,t]},{b:'\"',e:'\"',i:\"\\\\n\",c:[e.BE,t]}]};t.c=[e.CNM,r];var n={keyword:\"assert break case catch class const continue default do else enum extends false final finally for if in is new null rethrow return super switch this throw true try var void while with\",literal:\"abstract as dynamic export external factory get implements import library operator part set static typedef\",built_in:\"print Comparable DateTime Duration Function Iterable Iterator List Map Match Null Object Pattern RegExp Set Stopwatch String StringBuffer StringSink Symbol Type Uri bool double int num document window querySelector querySelectorAll Element ElementList\"};return{k:n,c:[r,{cN:\"dartdoc\",b:\"/\\\\*\\\\*\",e:\"\\\\*/\",sL:\"markdown\",subLanguageMode:\"continuous\"},{cN:\"dartdoc\",b:\"///\",e:\"$\",sL:\"markdown\",subLanguageMode:\"continuous\"},e.CLCM,e.CBCM,{cN:\"class\",bK:\"class interface\",e:\"{\",eE:!0,c:[{bK:\"extends implements\"},e.UTM]},e.CNM,{cN:\"annotation\",b:\"@[A-Za-z]+\"},{b:\"=>\"}]}});"],"l":{"1":24,"2":0}}}